<?xml version="1.0" encoding="UTF-8"?>
<coverage generated="1772031167814" clover="3.2.0">
  <project timestamp="1772031167814" name="All files">
    <metrics statements="523" coveredstatements="518" conditionals="104" coveredconditionals="99" methods="19" coveredmethods="19" elements="646" coveredelements="636" complexity="0" loc="523" ncloc="523" packages="1" files="4" classes="4"/>
    <file name="axolotlCards.ts" path="/Users/zac/aztec-triple-triad/packages/game-logic/src/axolotlCards.ts">
      <metrics statements="296" coveredstatements="296" conditionals="19" coveredconditionals="17" methods="5" coveredmethods="5"/>
      <line num="24" count="1" type="stmt"/>
      <line num="27" count="258" type="cond" truecount="1" falsecount="0"/>
      <line num="28" count="258" type="stmt"/>
      <line num="29" count="258" type="stmt"/>
      <line num="31" count="1" type="stmt"/>
      <line num="34" count="1" type="stmt"/>
      <line num="35" count="1" type="stmt"/>
      <line num="36" count="1" type="stmt"/>
      <line num="37" count="1" type="stmt"/>
      <line num="38" count="1" type="stmt"/>
      <line num="39" count="1" type="stmt"/>
      <line num="40" count="1" type="stmt"/>
      <line num="41" count="1" type="stmt"/>
      <line num="42" count="1" type="stmt"/>
      <line num="43" count="1" type="stmt"/>
      <line num="44" count="1" type="stmt"/>
      <line num="45" count="1" type="stmt"/>
      <line num="46" count="1" type="stmt"/>
      <line num="47" count="1" type="stmt"/>
      <line num="48" count="1" type="stmt"/>
      <line num="49" count="1" type="stmt"/>
      <line num="50" count="1" type="stmt"/>
      <line num="51" count="1" type="stmt"/>
      <line num="52" count="1" type="stmt"/>
      <line num="53" count="1" type="stmt"/>
      <line num="55" count="1" type="stmt"/>
      <line num="56" count="1" type="stmt"/>
      <line num="57" count="1" type="stmt"/>
      <line num="58" count="1" type="stmt"/>
      <line num="59" count="1" type="stmt"/>
      <line num="60" count="1" type="stmt"/>
      <line num="61" count="1" type="stmt"/>
      <line num="62" count="1" type="stmt"/>
      <line num="63" count="1" type="stmt"/>
      <line num="64" count="1" type="stmt"/>
      <line num="65" count="1" type="stmt"/>
      <line num="66" count="1" type="stmt"/>
      <line num="67" count="1" type="stmt"/>
      <line num="68" count="1" type="stmt"/>
      <line num="69" count="1" type="stmt"/>
      <line num="70" count="1" type="stmt"/>
      <line num="71" count="1" type="stmt"/>
      <line num="72" count="1" type="stmt"/>
      <line num="73" count="1" type="stmt"/>
      <line num="74" count="1" type="stmt"/>
      <line num="76" count="1" type="stmt"/>
      <line num="77" count="1" type="stmt"/>
      <line num="78" count="1" type="stmt"/>
      <line num="79" count="1" type="stmt"/>
      <line num="80" count="1" type="stmt"/>
      <line num="81" count="1" type="stmt"/>
      <line num="82" count="1" type="stmt"/>
      <line num="83" count="1" type="stmt"/>
      <line num="84" count="1" type="stmt"/>
      <line num="85" count="1" type="stmt"/>
      <line num="86" count="1" type="stmt"/>
      <line num="87" count="1" type="stmt"/>
      <line num="88" count="1" type="stmt"/>
      <line num="89" count="1" type="stmt"/>
      <line num="90" count="1" type="stmt"/>
      <line num="92" count="1" type="stmt"/>
      <line num="93" count="1" type="stmt"/>
      <line num="94" count="1" type="stmt"/>
      <line num="95" count="1" type="stmt"/>
      <line num="96" count="1" type="stmt"/>
      <line num="97" count="1" type="stmt"/>
      <line num="98" count="1" type="stmt"/>
      <line num="99" count="1" type="stmt"/>
      <line num="100" count="1" type="stmt"/>
      <line num="101" count="1" type="stmt"/>
      <line num="102" count="1" type="stmt"/>
      <line num="103" count="1" type="stmt"/>
      <line num="104" count="1" type="stmt"/>
      <line num="105" count="1" type="stmt"/>
      <line num="106" count="1" type="stmt"/>
      <line num="108" count="1" type="stmt"/>
      <line num="109" count="1" type="stmt"/>
      <line num="110" count="1" type="stmt"/>
      <line num="111" count="1" type="stmt"/>
      <line num="112" count="1" type="stmt"/>
      <line num="113" count="1" type="stmt"/>
      <line num="114" count="1" type="stmt"/>
      <line num="115" count="1" type="stmt"/>
      <line num="116" count="1" type="stmt"/>
      <line num="117" count="1" type="stmt"/>
      <line num="118" count="1" type="stmt"/>
      <line num="119" count="1" type="stmt"/>
      <line num="120" count="1" type="stmt"/>
      <line num="121" count="1" type="stmt"/>
      <line num="122" count="1" type="stmt"/>
      <line num="123" count="1" type="stmt"/>
      <line num="124" count="1" type="stmt"/>
      <line num="125" count="1" type="stmt"/>
      <line num="126" count="1" type="stmt"/>
      <line num="127" count="1" type="stmt"/>
      <line num="129" count="1" type="stmt"/>
      <line num="130" count="1" type="stmt"/>
      <line num="131" count="1" type="stmt"/>
      <line num="132" count="1" type="stmt"/>
      <line num="133" count="1" type="stmt"/>
      <line num="134" count="1" type="stmt"/>
      <line num="135" count="1" type="stmt"/>
      <line num="136" count="1" type="stmt"/>
      <line num="137" count="1" type="stmt"/>
      <line num="138" count="1" type="stmt"/>
      <line num="139" count="1" type="stmt"/>
      <line num="140" count="1" type="stmt"/>
      <line num="141" count="1" type="stmt"/>
      <line num="142" count="1" type="stmt"/>
      <line num="143" count="1" type="stmt"/>
      <line num="144" count="1" type="stmt"/>
      <line num="145" count="1" type="stmt"/>
      <line num="146" count="1" type="stmt"/>
      <line num="147" count="1" type="stmt"/>
      <line num="148" count="1" type="stmt"/>
      <line num="150" count="1" type="stmt"/>
      <line num="151" count="1" type="stmt"/>
      <line num="152" count="1" type="stmt"/>
      <line num="153" count="1" type="stmt"/>
      <line num="154" count="1" type="stmt"/>
      <line num="155" count="1" type="stmt"/>
      <line num="156" count="1" type="stmt"/>
      <line num="157" count="1" type="stmt"/>
      <line num="158" count="1" type="stmt"/>
      <line num="159" count="1" type="stmt"/>
      <line num="160" count="1" type="stmt"/>
      <line num="161" count="1" type="stmt"/>
      <line num="162" count="1" type="stmt"/>
      <line num="163" count="1" type="stmt"/>
      <line num="164" count="1" type="stmt"/>
      <line num="165" count="1" type="stmt"/>
      <line num="166" count="1" type="stmt"/>
      <line num="167" count="1" type="stmt"/>
      <line num="168" count="1" type="stmt"/>
      <line num="169" count="1" type="stmt"/>
      <line num="170" count="1" type="stmt"/>
      <line num="171" count="1" type="stmt"/>
      <line num="172" count="1" type="stmt"/>
      <line num="173" count="1" type="stmt"/>
      <line num="174" count="1" type="stmt"/>
      <line num="176" count="1" type="stmt"/>
      <line num="177" count="1" type="stmt"/>
      <line num="178" count="1" type="stmt"/>
      <line num="179" count="1" type="stmt"/>
      <line num="180" count="1" type="stmt"/>
      <line num="181" count="1" type="stmt"/>
      <line num="182" count="1" type="stmt"/>
      <line num="183" count="1" type="stmt"/>
      <line num="184" count="1" type="stmt"/>
      <line num="185" count="1" type="stmt"/>
      <line num="186" count="1" type="stmt"/>
      <line num="187" count="1" type="stmt"/>
      <line num="188" count="1" type="stmt"/>
      <line num="189" count="1" type="stmt"/>
      <line num="190" count="1" type="stmt"/>
      <line num="191" count="1" type="stmt"/>
      <line num="192" count="1" type="stmt"/>
      <line num="193" count="1" type="stmt"/>
      <line num="194" count="1" type="stmt"/>
      <line num="195" count="1" type="stmt"/>
      <line num="197" count="1" type="stmt"/>
      <line num="198" count="1" type="stmt"/>
      <line num="199" count="1" type="stmt"/>
      <line num="200" count="1" type="stmt"/>
      <line num="201" count="1" type="stmt"/>
      <line num="202" count="1" type="stmt"/>
      <line num="203" count="1" type="stmt"/>
      <line num="204" count="1" type="stmt"/>
      <line num="205" count="1" type="stmt"/>
      <line num="206" count="1" type="stmt"/>
      <line num="207" count="1" type="stmt"/>
      <line num="208" count="1" type="stmt"/>
      <line num="209" count="1" type="stmt"/>
      <line num="210" count="1" type="stmt"/>
      <line num="211" count="1" type="stmt"/>
      <line num="212" count="1" type="stmt"/>
      <line num="213" count="1" type="stmt"/>
      <line num="214" count="1" type="stmt"/>
      <line num="215" count="1" type="stmt"/>
      <line num="216" count="1" type="stmt"/>
      <line num="218" count="1" type="stmt"/>
      <line num="219" count="1" type="stmt"/>
      <line num="220" count="1" type="stmt"/>
      <line num="221" count="1" type="stmt"/>
      <line num="222" count="1" type="stmt"/>
      <line num="226" count="1" type="stmt"/>
      <line num="227" count="1" type="stmt"/>
      <line num="228" count="1" type="stmt"/>
      <line num="229" count="1" type="stmt"/>
      <line num="230" count="1" type="stmt"/>
      <line num="231" count="1" type="stmt"/>
      <line num="232" count="1" type="stmt"/>
      <line num="233" count="1" type="stmt"/>
      <line num="234" count="1" type="stmt"/>
      <line num="235" count="1" type="stmt"/>
      <line num="236" count="1" type="stmt"/>
      <line num="237" count="1" type="stmt"/>
      <line num="238" count="1" type="stmt"/>
      <line num="239" count="1" type="stmt"/>
      <line num="240" count="1" type="stmt"/>
      <line num="242" count="1" type="stmt"/>
      <line num="243" count="1" type="stmt"/>
      <line num="244" count="1" type="stmt"/>
      <line num="245" count="1" type="stmt"/>
      <line num="246" count="1" type="stmt"/>
      <line num="247" count="1" type="stmt"/>
      <line num="248" count="1" type="stmt"/>
      <line num="249" count="1" type="stmt"/>
      <line num="250" count="1" type="stmt"/>
      <line num="251" count="1" type="stmt"/>
      <line num="252" count="1" type="stmt"/>
      <line num="253" count="1" type="stmt"/>
      <line num="255" count="1" type="stmt"/>
      <line num="256" count="1" type="stmt"/>
      <line num="257" count="1" type="stmt"/>
      <line num="258" count="1" type="stmt"/>
      <line num="259" count="1" type="stmt"/>
      <line num="260" count="1" type="stmt"/>
      <line num="261" count="1" type="stmt"/>
      <line num="262" count="1" type="stmt"/>
      <line num="263" count="1" type="stmt"/>
      <line num="264" count="1" type="stmt"/>
      <line num="265" count="1" type="stmt"/>
      <line num="267" count="1" type="stmt"/>
      <line num="268" count="1" type="stmt"/>
      <line num="269" count="1" type="stmt"/>
      <line num="270" count="1" type="stmt"/>
      <line num="271" count="1" type="stmt"/>
      <line num="272" count="1" type="stmt"/>
      <line num="273" count="1" type="stmt"/>
      <line num="274" count="1" type="stmt"/>
      <line num="275" count="1" type="stmt"/>
      <line num="276" count="1" type="stmt"/>
      <line num="277" count="1" type="stmt"/>
      <line num="278" count="1" type="stmt"/>
      <line num="282" count="1" type="stmt"/>
      <line num="283" count="1" type="stmt"/>
      <line num="284" count="1" type="stmt"/>
      <line num="285" count="1" type="stmt"/>
      <line num="286" count="1" type="stmt"/>
      <line num="288" count="1" type="stmt"/>
      <line num="289" count="1" type="stmt"/>
      <line num="290" count="1" type="stmt"/>
      <line num="291" count="1" type="stmt"/>
      <line num="292" count="1" type="stmt"/>
      <line num="294" count="1" type="stmt"/>
      <line num="295" count="1" type="stmt"/>
      <line num="296" count="1" type="stmt"/>
      <line num="297" count="1" type="stmt"/>
      <line num="298" count="1" type="stmt"/>
      <line num="299" count="1" type="stmt"/>
      <line num="300" count="1" type="stmt"/>
      <line num="301" count="1" type="stmt"/>
      <line num="302" count="1" type="stmt"/>
      <line num="303" count="1" type="stmt"/>
      <line num="306" count="1" type="stmt"/>
      <line num="307" count="1" type="stmt"/>
      <line num="308" count="1" type="stmt"/>
      <line num="309" count="1" type="stmt"/>
      <line num="310" count="1" type="stmt"/>
      <line num="311" count="1" type="stmt"/>
      <line num="312" count="1" type="stmt"/>
      <line num="313" count="1" type="stmt"/>
      <line num="314" count="1" type="stmt"/>
      <line num="317" count="1" type="stmt"/>
      <line num="318" count="1" type="cond" truecount="1" falsecount="0"/>
      <line num="319" count="1" type="cond" truecount="1" falsecount="0"/>
      <line num="320" count="1" type="cond" truecount="1" falsecount="0"/>
      <line num="321" count="1" type="cond" truecount="1" falsecount="0"/>
      <line num="322" count="1" type="stmt"/>
      <line num="325" count="1" type="stmt"/>
      <line num="326" count="1" type="stmt"/>
      <line num="328" count="1" type="cond" truecount="1" falsecount="0"/>
      <line num="329" count="258" type="stmt"/>
      <line num="330" count="258" type="cond" truecount="1" falsecount="0"/>
      <line num="331" count="258" type="stmt"/>
      <line num="332" count="258" type="stmt"/>
      <line num="333" count="258" type="stmt"/>
      <line num="336" count="1" type="cond" truecount="1" falsecount="0"/>
      <line num="337" count="2" type="stmt"/>
      <line num="338" count="2" type="stmt"/>
      <line num="341" count="1" type="cond" truecount="1" falsecount="0"/>
      <line num="342" count="302" type="cond" truecount="0" falsecount="1"/>
      <line num="343" count="302" type="stmt"/>
      <line num="353" count="1" type="cond" truecount="1" falsecount="0"/>
      <line num="354" count="10114" type="cond" truecount="2" falsecount="0"/>
      <line num="355" count="10114" type="cond" truecount="2" falsecount="0"/>
      <line num="356" count="10114" type="cond" truecount="2" falsecount="0"/>
      <line num="357" count="208" type="stmt"/>
      <line num="358" count="208" type="stmt"/>
      <line num="365" count="1" type="cond" truecount="1" falsecount="0"/>
      <line num="366" count="300" type="stmt"/>
      <line num="367" count="300" type="cond" truecount="0" falsecount="1"/>
      <line num="368" count="300" type="stmt"/>
      <line num="369" count="300" type="stmt"/>
      <line num="370" count="300" type="stmt"/>
    </file>
    <file name="cards.ts" path="/Users/zac/aztec-triple-triad/packages/game-logic/src/cards.ts">
      <metrics statements="90" coveredstatements="86" conditionals="13" coveredconditionals="11" methods="5" coveredmethods="5"/>
      <line num="8" count="1" type="stmt"/>
      <line num="10" count="1" type="stmt"/>
      <line num="11" count="1" type="stmt"/>
      <line num="12" count="1" type="stmt"/>
      <line num="13" count="1" type="stmt"/>
      <line num="14" count="1" type="stmt"/>
      <line num="15" count="1" type="stmt"/>
      <line num="16" count="1" type="stmt"/>
      <line num="17" count="1" type="stmt"/>
      <line num="18" count="1" type="stmt"/>
      <line num="19" count="1" type="stmt"/>
      <line num="22" count="1" type="stmt"/>
      <line num="23" count="1" type="stmt"/>
      <line num="24" count="1" type="stmt"/>
      <line num="25" count="1" type="stmt"/>
      <line num="26" count="1" type="stmt"/>
      <line num="27" count="1" type="stmt"/>
      <line num="28" count="1" type="stmt"/>
      <line num="29" count="1" type="stmt"/>
      <line num="30" count="1" type="stmt"/>
      <line num="31" count="1" type="stmt"/>
      <line num="34" count="1" type="stmt"/>
      <line num="35" count="1" type="stmt"/>
      <line num="36" count="1" type="stmt"/>
      <line num="37" count="1" type="stmt"/>
      <line num="38" count="1" type="stmt"/>
      <line num="39" count="1" type="stmt"/>
      <line num="40" count="1" type="stmt"/>
      <line num="41" count="1" type="stmt"/>
      <line num="42" count="1" type="stmt"/>
      <line num="43" count="1" type="stmt"/>
      <line num="46" count="1" type="stmt"/>
      <line num="47" count="1" type="stmt"/>
      <line num="48" count="1" type="stmt"/>
      <line num="49" count="1" type="stmt"/>
      <line num="50" count="1" type="stmt"/>
      <line num="51" count="1" type="stmt"/>
      <line num="52" count="1" type="stmt"/>
      <line num="53" count="1" type="stmt"/>
      <line num="54" count="1" type="stmt"/>
      <line num="55" count="1" type="stmt"/>
      <line num="58" count="1" type="stmt"/>
      <line num="59" count="1" type="stmt"/>
      <line num="60" count="1" type="stmt"/>
      <line num="61" count="1" type="stmt"/>
      <line num="62" count="1" type="stmt"/>
      <line num="63" count="1" type="stmt"/>
      <line num="64" count="1" type="stmt"/>
      <line num="65" count="1" type="stmt"/>
      <line num="66" count="1" type="stmt"/>
      <line num="67" count="1" type="stmt"/>
      <line num="68" count="1" type="stmt"/>
      <line num="74" count="1" type="cond" truecount="1" falsecount="0"/>
      <line num="75" count="104" type="stmt"/>
      <line num="76" count="104" type="stmt"/>
      <line num="81" count="1" type="cond" truecount="1" falsecount="0"/>
      <line num="82" count="103" type="stmt"/>
      <line num="83" count="103" type="stmt"/>
      <line num="84" count="103" type="stmt"/>
      <line num="85" count="103" type="stmt"/>
      <line num="86" count="103" type="stmt"/>
      <line num="87" count="103" type="stmt"/>
      <line num="88" count="103" type="stmt"/>
      <line num="95" count="1" type="cond" truecount="1" falsecount="0"/>
      <line num="96" count="1" type="stmt"/>
      <line num="97" count="1" type="cond" truecount="1" falsecount="0"/>
      <line num="98" count="50" type="stmt"/>
      <line num="100" count="50" type="cond" truecount="1" falsecount="0"/>
      <line num="101" count="200" type="cond" truecount="0" falsecount="1"/>
      <line num="102" count="0" type="stmt"/>
      <line num="103" count="0" type="stmt"/>
      <line num="104" count="200" type="stmt"/>
      <line num="106" count="50" type="stmt"/>
      <line num="107" count="50" type="stmt"/>
      <line num="108" count="50" type="cond" truecount="0" falsecount="1"/>
      <line num="109" count="0" type="stmt"/>
      <line num="110" count="0" type="stmt"/>
      <line num="111" count="50" type="stmt"/>
      <line num="112" count="1" type="stmt"/>
      <line num="113" count="1" type="stmt"/>
      <line num="115" count="1" type="cond" truecount="1" falsecount="0"/>
      <line num="116" count="211" type="cond" truecount="1" falsecount="0"/>
      <line num="117" count="211" type="stmt"/>
      <line num="119" count="1" type="cond" truecount="1" falsecount="0"/>
      <line num="120" count="43" type="cond" truecount="1" falsecount="0"/>
      <line num="121" count="204" type="stmt"/>
      <line num="122" count="204" type="cond" truecount="2" falsecount="0"/>
      <line num="123" count="203" type="stmt"/>
      <line num="124" count="43" type="stmt"/>
      <line num="125" count="43" type="stmt"/>
    </file>
    <file name="game.ts" path="/Users/zac/aztec-triple-triad/packages/game-logic/src/game.ts">
      <metrics statements="137" coveredstatements="136" conditionals="71" coveredconditionals="70" methods="8" coveredmethods="8"/>
      <line num="3" count="33" type="cond" truecount="1" falsecount="0"/>
      <line num="4" count="33" type="cond" truecount="1" falsecount="0"/>
      <line num="5" count="99" type="cond" truecount="1" falsecount="0"/>
      <line num="6" count="33" type="stmt"/>
      <line num="7" count="33" type="stmt"/>
      <line num="9" count="80" type="cond" truecount="1" falsecount="0"/>
      <line num="10" count="80" type="cond" truecount="1" falsecount="0"/>
      <line num="11" count="240" type="cond" truecount="3" falsecount="0"/>
      <line num="12" count="80" type="stmt"/>
      <line num="13" count="80" type="stmt"/>
      <line num="15" count="1" type="cond" truecount="1" falsecount="0"/>
      <line num="16" count="34" type="cond" truecount="2" falsecount="0"/>
      <line num="17" count="1" type="stmt"/>
      <line num="18" count="1" type="cond" truecount="1" falsecount="0"/>
      <line num="20" count="33" type="stmt"/>
      <line num="21" count="33" type="stmt"/>
      <line num="22" count="33" type="cond" truecount="1" falsecount="0"/>
      <line num="23" count="33" type="cond" truecount="1" falsecount="0"/>
      <line num="24" count="33" type="stmt"/>
      <line num="25" count="33" type="stmt"/>
      <line num="26" count="33" type="stmt"/>
      <line num="27" count="33" type="stmt"/>
      <line num="28" count="33" type="stmt"/>
      <line num="29" count="33" type="stmt"/>
      <line num="30" count="33" type="stmt"/>
      <line num="32" count="1" type="stmt"/>
      <line num="33" count="1" type="stmt"/>
      <line num="34" count="1" type="stmt"/>
      <line num="35" count="1" type="stmt"/>
      <line num="36" count="1" type="stmt"/>
      <line num="37" count="1" type="stmt"/>
      <line num="39" count="80" type="cond" truecount="1" falsecount="0"/>
      <line num="40" count="80" type="stmt"/>
      <line num="41" count="80" type="stmt"/>
      <line num="43" count="80" type="cond" truecount="1" falsecount="0"/>
      <line num="44" count="320" type="stmt"/>
      <line num="45" count="320" type="stmt"/>
      <line num="47" count="320" type="cond" truecount="5" falsecount="0"/>
      <line num="49" count="210" type="stmt"/>
      <line num="50" count="320" type="cond" truecount="3" falsecount="0"/>
      <line num="52" count="79" type="stmt"/>
      <line num="53" count="79" type="stmt"/>
      <line num="55" count="320" type="cond" truecount="1" falsecount="0"/>
      <line num="56" count="12" type="stmt"/>
      <line num="57" count="12" type="stmt"/>
      <line num="58" count="320" type="stmt"/>
      <line num="60" count="80" type="stmt"/>
      <line num="61" count="80" type="stmt"/>
      <line num="63" count="1" type="cond" truecount="1" falsecount="0"/>
      <line num="64" count="81" type="stmt"/>
      <line num="65" count="81" type="stmt"/>
      <line num="67" count="81" type="cond" truecount="1" falsecount="0"/>
      <line num="68" count="243" type="cond" truecount="1" falsecount="0"/>
      <line num="69" count="729" type="cond" truecount="2" falsecount="0"/>
      <line num="70" count="527" type="cond" truecount="1" falsecount="0"/>
      <line num="71" count="729" type="stmt"/>
      <line num="72" count="243" type="stmt"/>
      <line num="74" count="81" type="stmt"/>
      <line num="75" count="81" type="stmt"/>
      <line num="77" count="1" type="cond" truecount="1" falsecount="0"/>
      <line num="78" count="82" type="cond" truecount="1" falsecount="0"/>
      <line num="79" count="145" type="cond" truecount="1" falsecount="0"/>
      <line num="80" count="365" type="cond" truecount="1" falsecount="0"/>
      <line num="81" count="365" type="cond" truecount="1" falsecount="0"/>
      <line num="82" count="70" type="cond" truecount="1" falsecount="0"/>
      <line num="83" count="7" type="stmt"/>
      <line num="84" count="7" type="stmt"/>
      <line num="86" count="1" type="cond" truecount="1" falsecount="0"/>
      <line num="87" count="3" type="stmt"/>
      <line num="88" count="3" type="cond" truecount="1" falsecount="0"/>
      <line num="89" count="9" type="cond" truecount="1" falsecount="0"/>
      <line num="90" count="27" type="cond" truecount="1" falsecount="0"/>
      <line num="91" count="17" type="stmt"/>
      <line num="92" count="17" type="stmt"/>
      <line num="93" count="27" type="stmt"/>
      <line num="94" count="9" type="stmt"/>
      <line num="95" count="3" type="stmt"/>
      <line num="96" count="3" type="stmt"/>
      <line num="98" count="1" type="cond" truecount="1" falsecount="0"/>
      <line num="99" count="88" type="stmt"/>
      <line num="100" count="88" type="stmt"/>
      <line num="101" count="88" type="stmt"/>
      <line num="102" count="88" type="stmt"/>
      <line num="103" count="88" type="stmt"/>
      <line num="104" count="88" type="stmt"/>
      <line num="105" count="88" type="cond" truecount="1" falsecount="0"/>
      <line num="106" count="1" type="stmt"/>
      <line num="107" count="1" type="cond" truecount="1" falsecount="0"/>
      <line num="109" count="88" type="cond" truecount="1" falsecount="0"/>
      <line num="110" count="1" type="stmt"/>
      <line num="111" count="1" type="cond" truecount="1" falsecount="0"/>
      <line num="113" count="88" type="cond" truecount="4" falsecount="0"/>
      <line num="114" count="3" type="stmt"/>
      <line num="115" count="3" type="cond" truecount="1" falsecount="0"/>
      <line num="117" count="88" type="cond" truecount="2" falsecount="0"/>
      <line num="119" count="88" type="cond" truecount="2" falsecount="0"/>
      <line num="120" count="2" type="stmt"/>
      <line num="121" count="2" type="cond" truecount="1" falsecount="0"/>
      <line num="123" count="88" type="cond" truecount="1" falsecount="0"/>
      <line num="124" count="1" type="stmt"/>
      <line num="125" count="1" type="cond" truecount="1" falsecount="0"/>
      <line num="128" count="80" type="stmt"/>
      <line num="129" count="80" type="cond" truecount="1" falsecount="0"/>
      <line num="130" count="80" type="cond" truecount="1" falsecount="0"/>
      <line num="132" count="88" type="cond" truecount="2" falsecount="0"/>
      <line num="133" count="88" type="stmt"/>
      <line num="136" count="88" type="stmt"/>
      <line num="139" count="88" type="stmt"/>
      <line num="140" count="88" type="cond" truecount="1" falsecount="0"/>
      <line num="141" count="12" type="stmt"/>
      <line num="142" count="12" type="cond" truecount="1" falsecount="0"/>
      <line num="145" count="88" type="cond" truecount="2" falsecount="0"/>
      <line num="147" count="88" type="stmt"/>
      <line num="148" count="88" type="stmt"/>
      <line num="149" count="88" type="stmt"/>
      <line num="150" count="88" type="stmt"/>
      <line num="151" count="88" type="stmt"/>
      <line num="152" count="88" type="stmt"/>
      <line num="153" count="88" type="stmt"/>
      <line num="154" count="88" type="stmt"/>
      <line num="155" count="88" type="stmt"/>
      <line num="156" count="88" type="stmt"/>
      <line num="159" count="88" type="stmt"/>
      <line num="160" count="88" type="stmt"/>
      <line num="161" count="88" type="stmt"/>
      <line num="164" count="88" type="cond" truecount="1" falsecount="0"/>
      <line num="165" count="6" type="stmt"/>
      <line num="166" count="6" type="cond" truecount="1" falsecount="0"/>
      <line num="167" count="2" type="stmt"/>
      <line num="168" count="6" type="cond" truecount="1" falsecount="1"/>
      <line num="169" count="0" type="stmt"/>
      <line num="170" count="4" type="stmt"/>
      <line num="171" count="4" type="stmt"/>
      <line num="172" count="4" type="stmt"/>
      <line num="173" count="6" type="cond" truecount="1" falsecount="0"/>
      <line num="175" count="80" type="stmt"/>
      <line num="176" count="80" type="stmt"/>
    </file>
    <file name="types.ts" path="/Users/zac/aztec-triple-triad/packages/game-logic/src/types.ts">
      <metrics statements="0" coveredstatements="0" conditionals="1" coveredconditionals="1" methods="1" coveredmethods="1"/>
    </file>
  </project>
</coverage>
