{"/Users/zac/aztec-triple-triad-ui/repo/packages/game-logic/src/axolotlCards.ts": {"path":"/Users/zac/aztec-triple-triad-ui/repo/packages/game-logic/src/axolotlCards.ts","all":false,"statementMap":{"23":{"start":{"line":24,"column":0},"end":{"line":24,"column":78}},"26":{"start":{"line":27,"column":0},"end":{"line":27,"column":111}},"27":{"start":{"line":28,"column":0},"end":{"line":28,"column":79}},"28":{"start":{"line":29,"column":0},"end":{"line":29,"column":1}},"30":{"start":{"line":31,"column":0},"end":{"line":31,"column":45}},"33":{"start":{"line":34,"column":0},"end":{"line":34,"column":43}},"34":{"start":{"line":35,"column":0},"end":{"line":35,"column":44}},"35":{"start":{"line":36,"column":0},"end":{"line":36,"column":45}},"36":{"start":{"line":37,"column":0},"end":{"line":37,"column":44}},"37":{"start":{"line":38,"column":0},"end":{"line":38,"column":44}},"38":{"start":{"line":39,"column":0},"end":{"line":39,"column":42}},"39":{"start":{"line":40,"column":0},"end":{"line":40,"column":44}},"40":{"start":{"line":41,"column":0},"end":{"line":41,"column":42}},"41":{"start":{"line":42,"column":0},"end":{"line":42,"column":45}},"42":{"start":{"line":43,"column":0},"end":{"line":43,"column":45}},"43":{"start":{"line":44,"column":0},"end":{"line":44,"column":47}},"44":{"start":{"line":45,"column":0},"end":{"line":45,"column":44}},"45":{"start":{"line":46,"column":0},"end":{"line":46,"column":44}},"46":{"start":{"line":47,"column":0},"end":{"line":47,"column":45}},"47":{"start":{"line":48,"column":0},"end":{"line":48,"column":43}},"48":{"start":{"line":49,"column":0},"end":{"line":49,"column":43}},"49":{"start":{"line":50,"column":0},"end":{"line":50,"column":46}},"50":{"start":{"line":51,"column":0},"end":{"line":51,"column":46}},"51":{"start":{"line":52,"column":0},"end":{"line":52,"column":43}},"52":{"start":{"line":53,"column":0},"end":{"line":53,"column":43}},"54":{"start":{"line":55,"column":0},"end":{"line":55,"column":44}},"55":{"start":{"line":56,"column":0},"end":{"line":56,"column":46}},"56":{"start":{"line":57,"column":0},"end":{"line":57,"column":46}},"57":{"start":{"line":58,"column":0},"end":{"line":58,"column":46}},"58":{"start":{"line":59,"column":0},"end":{"line":59,"column":45}},"59":{"start":{"line":60,"column":0},"end":{"line":60,"column":42}},"60":{"start":{"line":61,"column":0},"end":{"line":61,"column":44}},"61":{"start":{"line":62,"column":0},"end":{"line":62,"column":45}},"62":{"start":{"line":63,"column":0},"end":{"line":63,"column":47}},"63":{"start":{"line":64,"column":0},"end":{"line":64,"column":45}},"64":{"start":{"line":65,"column":0},"end":{"line":65,"column":42}},"65":{"start":{"line":66,"column":0},"end":{"line":66,"column":47}},"66":{"start":{"line":67,"column":0},"end":{"line":67,"column":45}},"67":{"start":{"line":68,"column":0},"end":{"line":68,"column":40}},"68":{"start":{"line":69,"column":0},"end":{"line":69,"column":44}},"69":{"start":{"line":70,"column":0},"end":{"line":70,"column":45}},"70":{"start":{"line":71,"column":0},"end":{"line":71,"column":44}},"71":{"start":{"line":72,"column":0},"end":{"line":72,"column":46}},"72":{"start":{"line":73,"column":0},"end":{"line":73,"column":45}},"73":{"start":{"line":74,"column":0},"end":{"line":74,"column":42}},"75":{"start":{"line":76,"column":0},"end":{"line":76,"column":43}},"76":{"start":{"line":77,"column":0},"end":{"line":77,"column":45}},"77":{"start":{"line":78,"column":0},"end":{"line":78,"column":45}},"78":{"start":{"line":79,"column":0},"end":{"line":79,"column":44}},"79":{"start":{"line":80,"column":0},"end":{"line":80,"column":43}},"80":{"start":{"line":81,"column":0},"end":{"line":81,"column":43}},"81":{"start":{"line":82,"column":0},"end":{"line":82,"column":46}},"82":{"start":{"line":83,"column":0},"end":{"line":83,"column":44}},"83":{"start":{"line":84,"column":0},"end":{"line":84,"column":45}},"84":{"start":{"line":85,"column":0},"end":{"line":85,"column":43}},"85":{"start":{"line":86,"column":0},"end":{"line":86,"column":42}},"86":{"start":{"line":87,"column":0},"end":{"line":87,"column":47}},"87":{"start":{"line":88,"column":0},"end":{"line":88,"column":43}},"88":{"start":{"line":89,"column":0},"end":{"line":89,"column":45}},"89":{"start":{"line":90,"column":0},"end":{"line":90,"column":45}},"91":{"start":{"line":92,"column":0},"end":{"line":92,"column":41}},"92":{"start":{"line":93,"column":0},"end":{"line":93,"column":42}},"93":{"start":{"line":94,"column":0},"end":{"line":94,"column":43}},"94":{"start":{"line":95,"column":0},"end":{"line":95,"column":44}},"95":{"start":{"line":96,"column":0},"end":{"line":96,"column":46}},"96":{"start":{"line":97,"column":0},"end":{"line":97,"column":42}},"97":{"start":{"line":98,"column":0},"end":{"line":98,"column":45}},"98":{"start":{"line":99,"column":0},"end":{"line":99,"column":40}},"99":{"start":{"line":100,"column":0},"end":{"line":100,"column":45}},"100":{"start":{"line":101,"column":0},"end":{"line":101,"column":46}},"101":{"start":{"line":102,"column":0},"end":{"line":102,"column":42}},"102":{"start":{"line":103,"column":0},"end":{"line":103,"column":43}},"103":{"start":{"line":104,"column":0},"end":{"line":104,"column":43}},"104":{"start":{"line":105,"column":0},"end":{"line":105,"column":43}},"105":{"start":{"line":106,"column":0},"end":{"line":106,"column":45}},"107":{"start":{"line":108,"column":0},"end":{"line":108,"column":46}},"108":{"start":{"line":109,"column":0},"end":{"line":109,"column":46}},"109":{"start":{"line":110,"column":0},"end":{"line":110,"column":46}},"110":{"start":{"line":111,"column":0},"end":{"line":111,"column":45}},"111":{"start":{"line":112,"column":0},"end":{"line":112,"column":47}},"112":{"start":{"line":113,"column":0},"end":{"line":113,"column":45}},"113":{"start":{"line":114,"column":0},"end":{"line":114,"column":45}},"114":{"start":{"line":115,"column":0},"end":{"line":115,"column":43}},"115":{"start":{"line":116,"column":0},"end":{"line":116,"column":45}},"116":{"start":{"line":117,"column":0},"end":{"line":117,"column":47}},"117":{"start":{"line":118,"column":0},"end":{"line":118,"column":45}},"118":{"start":{"line":119,"column":0},"end":{"line":119,"column":46}},"119":{"start":{"line":120,"column":0},"end":{"line":120,"column":47}},"120":{"start":{"line":121,"column":0},"end":{"line":121,"column":45}},"121":{"start":{"line":122,"column":0},"end":{"line":122,"column":46}},"122":{"start":{"line":123,"column":0},"end":{"line":123,"column":47}},"123":{"start":{"line":124,"column":0},"end":{"line":124,"column":45}},"124":{"start":{"line":125,"column":0},"end":{"line":125,"column":46}},"125":{"start":{"line":126,"column":0},"end":{"line":126,"column":45}},"126":{"start":{"line":127,"column":0},"end":{"line":127,"column":44}},"128":{"start":{"line":129,"column":0},"end":{"line":129,"column":46}},"129":{"start":{"line":130,"column":0},"end":{"line":130,"column":45}},"130":{"start":{"line":131,"column":0},"end":{"line":131,"column":44}},"131":{"start":{"line":132,"column":0},"end":{"line":132,"column":45}},"132":{"start":{"line":133,"column":0},"end":{"line":133,"column":42}},"133":{"start":{"line":134,"column":0},"end":{"line":134,"column":45}},"134":{"start":{"line":135,"column":0},"end":{"line":135,"column":43}},"135":{"start":{"line":136,"column":0},"end":{"line":136,"column":44}},"136":{"start":{"line":137,"column":0},"end":{"line":137,"column":43}},"137":{"start":{"line":138,"column":0},"end":{"line":138,"column":49}},"138":{"start":{"line":139,"column":0},"end":{"line":139,"column":41}},"139":{"start":{"line":140,"column":0},"end":{"line":140,"column":41}},"140":{"start":{"line":141,"column":0},"end":{"line":141,"column":42}},"141":{"start":{"line":142,"column":0},"end":{"line":142,"column":47}},"142":{"start":{"line":143,"column":0},"end":{"line":143,"column":46}},"143":{"start":{"line":144,"column":0},"end":{"line":144,"column":43}},"144":{"start":{"line":145,"column":0},"end":{"line":145,"column":48}},"145":{"start":{"line":146,"column":0},"end":{"line":146,"column":45}},"146":{"start":{"line":147,"column":0},"end":{"line":147,"column":45}},"147":{"start":{"line":148,"column":0},"end":{"line":148,"column":47}},"149":{"start":{"line":150,"column":0},"end":{"line":150,"column":47}},"150":{"start":{"line":151,"column":0},"end":{"line":151,"column":47}},"151":{"start":{"line":152,"column":0},"end":{"line":152,"column":48}},"152":{"start":{"line":153,"column":0},"end":{"line":153,"column":48}},"153":{"start":{"line":154,"column":0},"end":{"line":154,"column":48}},"154":{"start":{"line":155,"column":0},"end":{"line":155,"column":50}},"155":{"start":{"line":156,"column":0},"end":{"line":156,"column":46}},"156":{"start":{"line":157,"column":0},"end":{"line":157,"column":48}},"157":{"start":{"line":158,"column":0},"end":{"line":158,"column":45}},"158":{"start":{"line":159,"column":0},"end":{"line":159,"column":48}},"159":{"start":{"line":160,"column":0},"end":{"line":160,"column":46}},"160":{"start":{"line":161,"column":0},"end":{"line":161,"column":49}},"161":{"start":{"line":162,"column":0},"end":{"line":162,"column":47}},"162":{"start":{"line":163,"column":0},"end":{"line":163,"column":48}},"163":{"start":{"line":164,"column":0},"end":{"line":164,"column":47}},"164":{"start":{"line":165,"column":0},"end":{"line":165,"column":44}},"165":{"start":{"line":166,"column":0},"end":{"line":166,"column":44}},"166":{"start":{"line":167,"column":0},"end":{"line":167,"column":43}},"167":{"start":{"line":168,"column":0},"end":{"line":168,"column":47}},"168":{"start":{"line":169,"column":0},"end":{"line":169,"column":48}},"169":{"start":{"line":170,"column":0},"end":{"line":170,"column":46}},"170":{"start":{"line":171,"column":0},"end":{"line":171,"column":47}},"171":{"start":{"line":172,"column":0},"end":{"line":172,"column":47}},"172":{"start":{"line":173,"column":0},"end":{"line":173,"column":47}},"173":{"start":{"line":174,"column":0},"end":{"line":174,"column":45}},"175":{"start":{"line":176,"column":0},"end":{"line":176,"column":48}},"176":{"start":{"line":177,"column":0},"end":{"line":177,"column":47}},"177":{"start":{"line":178,"column":0},"end":{"line":178,"column":47}},"178":{"start":{"line":179,"column":0},"end":{"line":179,"column":47}},"179":{"start":{"line":180,"column":0},"end":{"line":180,"column":44}},"180":{"start":{"line":181,"column":0},"end":{"line":181,"column":48}},"181":{"start":{"line":182,"column":0},"end":{"line":182,"column":45}},"182":{"start":{"line":183,"column":0},"end":{"line":183,"column":46}},"183":{"start":{"line":184,"column":0},"end":{"line":184,"column":47}},"184":{"start":{"line":185,"column":0},"end":{"line":185,"column":46}},"185":{"start":{"line":186,"column":0},"end":{"line":186,"column":43}},"186":{"start":{"line":187,"column":0},"end":{"line":187,"column":47}},"187":{"start":{"line":188,"column":0},"end":{"line":188,"column":45}},"188":{"start":{"line":189,"column":0},"end":{"line":189,"column":44}},"189":{"start":{"line":190,"column":0},"end":{"line":190,"column":46}},"190":{"start":{"line":191,"column":0},"end":{"line":191,"column":44}},"191":{"start":{"line":192,"column":0},"end":{"line":192,"column":47}},"192":{"start":{"line":193,"column":0},"end":{"line":193,"column":47}},"193":{"start":{"line":194,"column":0},"end":{"line":194,"column":46}},"194":{"start":{"line":195,"column":0},"end":{"line":195,"column":48}},"196":{"start":{"line":197,"column":0},"end":{"line":197,"column":49}},"197":{"start":{"line":198,"column":0},"end":{"line":198,"column":46}},"198":{"start":{"line":199,"column":0},"end":{"line":199,"column":45}},"199":{"start":{"line":200,"column":0},"end":{"line":200,"column":46}},"200":{"start":{"line":201,"column":0},"end":{"line":201,"column":46}},"201":{"start":{"line":202,"column":0},"end":{"line":202,"column":48}},"202":{"start":{"line":203,"column":0},"end":{"line":203,"column":48}},"203":{"start":{"line":204,"column":0},"end":{"line":204,"column":47}},"204":{"start":{"line":205,"column":0},"end":{"line":205,"column":47}},"205":{"start":{"line":206,"column":0},"end":{"line":206,"column":50}},"206":{"start":{"line":207,"column":0},"end":{"line":207,"column":50}},"207":{"start":{"line":208,"column":0},"end":{"line":208,"column":51}},"208":{"start":{"line":209,"column":0},"end":{"line":209,"column":47}},"209":{"start":{"line":210,"column":0},"end":{"line":210,"column":47}},"210":{"start":{"line":211,"column":0},"end":{"line":211,"column":45}},"211":{"start":{"line":212,"column":0},"end":{"line":212,"column":46}},"212":{"start":{"line":213,"column":0},"end":{"line":213,"column":47}},"213":{"start":{"line":214,"column":0},"end":{"line":214,"column":48}},"214":{"start":{"line":215,"column":0},"end":{"line":215,"column":47}},"215":{"start":{"line":216,"column":0},"end":{"line":216,"column":45}},"217":{"start":{"line":218,"column":0},"end":{"line":218,"column":43}},"218":{"start":{"line":219,"column":0},"end":{"line":219,"column":43}},"219":{"start":{"line":220,"column":0},"end":{"line":220,"column":46}},"220":{"start":{"line":221,"column":0},"end":{"line":221,"column":46}},"221":{"start":{"line":222,"column":0},"end":{"line":222,"column":46}},"225":{"start":{"line":226,"column":0},"end":{"line":226,"column":48}},"226":{"start":{"line":227,"column":0},"end":{"line":227,"column":46}},"227":{"start":{"line":228,"column":0},"end":{"line":228,"column":45}},"228":{"start":{"line":229,"column":0},"end":{"line":229,"column":44}},"229":{"start":{"line":230,"column":0},"end":{"line":230,"column":50}},"230":{"start":{"line":231,"column":0},"end":{"line":231,"column":46}},"231":{"start":{"line":232,"column":0},"end":{"line":232,"column":46}},"232":{"start":{"line":233,"column":0},"end":{"line":233,"column":44}},"233":{"start":{"line":234,"column":0},"end":{"line":234,"column":42}},"234":{"start":{"line":235,"column":0},"end":{"line":235,"column":45}},"235":{"start":{"line":236,"column":0},"end":{"line":236,"column":42}},"236":{"start":{"line":237,"column":0},"end":{"line":237,"column":49}},"237":{"start":{"line":238,"column":0},"end":{"line":238,"column":45}},"238":{"start":{"line":239,"column":0},"end":{"line":239,"column":41}},"239":{"start":{"line":240,"column":0},"end":{"line":240,"column":45}},"241":{"start":{"line":242,"column":0},"end":{"line":242,"column":43}},"242":{"start":{"line":243,"column":0},"end":{"line":243,"column":46}},"243":{"start":{"line":244,"column":0},"end":{"line":244,"column":46}},"244":{"start":{"line":245,"column":0},"end":{"line":245,"column":45}},"245":{"start":{"line":246,"column":0},"end":{"line":246,"column":41}},"246":{"start":{"line":247,"column":0},"end":{"line":247,"column":45}},"247":{"start":{"line":248,"column":0},"end":{"line":248,"column":43}},"248":{"start":{"line":249,"column":0},"end":{"line":249,"column":41}},"249":{"start":{"line":250,"column":0},"end":{"line":250,"column":43}},"250":{"start":{"line":251,"column":0},"end":{"line":251,"column":44}},"251":{"start":{"line":252,"column":0},"end":{"line":252,"column":45}},"252":{"start":{"line":253,"column":0},"end":{"line":253,"column":43}},"254":{"start":{"line":255,"column":0},"end":{"line":255,"column":45}},"255":{"start":{"line":256,"column":0},"end":{"line":256,"column":45}},"256":{"start":{"line":257,"column":0},"end":{"line":257,"column":44}},"257":{"start":{"line":258,"column":0},"end":{"line":258,"column":45}},"258":{"start":{"line":259,"column":0},"end":{"line":259,"column":47}},"259":{"start":{"line":260,"column":0},"end":{"line":260,"column":46}},"260":{"start":{"line":261,"column":0},"end":{"line":261,"column":43}},"261":{"start":{"line":262,"column":0},"end":{"line":262,"column":43}},"262":{"start":{"line":263,"column":0},"end":{"line":263,"column":44}},"263":{"start":{"line":264,"column":0},"end":{"line":264,"column":47}},"264":{"start":{"line":265,"column":0},"end":{"line":265,"column":46}},"266":{"start":{"line":267,"column":0},"end":{"line":267,"column":47}},"267":{"start":{"line":268,"column":0},"end":{"line":268,"column":44}},"268":{"start":{"line":269,"column":0},"end":{"line":269,"column":42}},"269":{"start":{"line":270,"column":0},"end":{"line":270,"column":43}},"270":{"start":{"line":271,"column":0},"end":{"line":271,"column":41}},"271":{"start":{"line":272,"column":0},"end":{"line":272,"column":42}},"272":{"start":{"line":273,"column":0},"end":{"line":273,"column":44}},"273":{"start":{"line":274,"column":0},"end":{"line":274,"column":45}},"274":{"start":{"line":275,"column":0},"end":{"line":275,"column":44}},"275":{"start":{"line":276,"column":0},"end":{"line":276,"column":45}},"276":{"start":{"line":277,"column":0},"end":{"line":277,"column":46}},"277":{"start":{"line":278,"column":0},"end":{"line":278,"column":47}},"281":{"start":{"line":282,"column":0},"end":{"line":282,"column":42}},"282":{"start":{"line":283,"column":0},"end":{"line":283,"column":44}},"283":{"start":{"line":284,"column":0},"end":{"line":284,"column":47}},"284":{"start":{"line":285,"column":0},"end":{"line":285,"column":46}},"285":{"start":{"line":286,"column":0},"end":{"line":286,"column":46}},"287":{"start":{"line":288,"column":0},"end":{"line":288,"column":45}},"288":{"start":{"line":289,"column":0},"end":{"line":289,"column":46}},"289":{"start":{"line":290,"column":0},"end":{"line":290,"column":43}},"290":{"start":{"line":291,"column":0},"end":{"line":291,"column":44}},"291":{"start":{"line":292,"column":0},"end":{"line":292,"column":44}},"293":{"start":{"line":294,"column":0},"end":{"line":294,"column":46}},"294":{"start":{"line":295,"column":0},"end":{"line":295,"column":46}},"295":{"start":{"line":296,"column":0},"end":{"line":296,"column":47}},"296":{"start":{"line":297,"column":0},"end":{"line":297,"column":45}},"297":{"start":{"line":298,"column":0},"end":{"line":298,"column":48}},"298":{"start":{"line":299,"column":0},"end":{"line":299,"column":46}},"299":{"start":{"line":300,"column":0},"end":{"line":300,"column":46}},"300":{"start":{"line":301,"column":0},"end":{"line":301,"column":43}},"301":{"start":{"line":302,"column":0},"end":{"line":302,"column":44}},"302":{"start":{"line":303,"column":0},"end":{"line":303,"column":45}},"305":{"start":{"line":306,"column":0},"end":{"line":306,"column":53}},"306":{"start":{"line":307,"column":0},"end":{"line":307,"column":52}},"307":{"start":{"line":308,"column":0},"end":{"line":308,"column":53}},"308":{"start":{"line":309,"column":0},"end":{"line":309,"column":53}},"309":{"start":{"line":310,"column":0},"end":{"line":310,"column":50}},"310":{"start":{"line":311,"column":0},"end":{"line":311,"column":54}},"311":{"start":{"line":312,"column":0},"end":{"line":312,"column":56}},"312":{"start":{"line":313,"column":0},"end":{"line":313,"column":55}},"313":{"start":{"line":314,"column":0},"end":{"line":314,"column":2}},"316":{"start":{"line":317,"column":0},"end":{"line":317,"column":65}},"317":{"start":{"line":318,"column":0},"end":{"line":318,"column":58}},"318":{"start":{"line":319,"column":0},"end":{"line":319,"column":56}},"319":{"start":{"line":320,"column":0},"end":{"line":320,"column":56}},"320":{"start":{"line":321,"column":0},"end":{"line":321,"column":61}},"321":{"start":{"line":322,"column":0},"end":{"line":322,"column":2}},"324":{"start":{"line":325,"column":0},"end":{"line":325,"column":51}},"325":{"start":{"line":326,"column":0},"end":{"line":326,"column":58}},"327":{"start":{"line":328,"column":0},"end":{"line":328,"column":35}},"328":{"start":{"line":329,"column":0},"end":{"line":329,"column":33}},"329":{"start":{"line":330,"column":0},"end":{"line":330,"column":55}},"330":{"start":{"line":331,"column":0},"end":{"line":331,"column":18}},"331":{"start":{"line":332,"column":0},"end":{"line":332,"column":42}},"332":{"start":{"line":333,"column":0},"end":{"line":333,"column":1}},"335":{"start":{"line":336,"column":0},"end":{"line":336,"column":73}},"336":{"start":{"line":337,"column":0},"end":{"line":337,"column":29}},"337":{"start":{"line":338,"column":0},"end":{"line":338,"column":1}},"340":{"start":{"line":341,"column":0},"end":{"line":341,"column":72}},"341":{"start":{"line":342,"column":0},"end":{"line":342,"column":44}},"342":{"start":{"line":343,"column":0},"end":{"line":343,"column":1}},"352":{"start":{"line":353,"column":0},"end":{"line":353,"column":61}},"353":{"start":{"line":354,"column":0},"end":{"line":354,"column":39}},"354":{"start":{"line":355,"column":0},"end":{"line":355,"column":37}},"355":{"start":{"line":356,"column":0},"end":{"line":356,"column":37}},"356":{"start":{"line":357,"column":0},"end":{"line":357,"column":21}},"357":{"start":{"line":358,"column":0},"end":{"line":358,"column":1}},"364":{"start":{"line":365,"column":0},"end":{"line":365,"column":95}},"365":{"start":{"line":366,"column":0},"end":{"line":366,"column":47}},"366":{"start":{"line":367,"column":0},"end":{"line":367,"column":42}},"367":{"start":{"line":368,"column":0},"end":{"line":368,"column":50}},"368":{"start":{"line":369,"column":0},"end":{"line":369,"column":21}},"369":{"start":{"line":370,"column":0},"end":{"line":370,"column":1}}},"s":{"23":1,"26":258,"27":258,"28":258,"30":1,"33":1,"34":1,"35":1,"36":1,"37":1,"38":1,"39":1,"40":1,"41":1,"42":1,"43":1,"44":1,"45":1,"46":1,"47":1,"48":1,"49":1,"50":1,"51":1,"52":1,"54":1,"55":1,"56":1,"57":1,"58":1,"59":1,"60":1,"61":1,"62":1,"63":1,"64":1,"65":1,"66":1,"67":1,"68":1,"69":1,"70":1,"71":1,"72":1,"73":1,"75":1,"76":1,"77":1,"78":1,"79":1,"80":1,"81":1,"82":1,"83":1,"84":1,"85":1,"86":1,"87":1,"88":1,"89":1,"91":1,"92":1,"93":1,"94":1,"95":1,"96":1,"97":1,"98":1,"99":1,"100":1,"101":1,"102":1,"103":1,"104":1,"105":1,"107":1,"108":1,"109":1,"110":1,"111":1,"112":1,"113":1,"114":1,"115":1,"116":1,"117":1,"118":1,"119":1,"120":1,"121":1,"122":1,"123":1,"124":1,"125":1,"126":1,"128":1,"129":1,"130":1,"131":1,"132":1,"133":1,"134":1,"135":1,"136":1,"137":1,"138":1,"139":1,"140":1,"141":1,"142":1,"143":1,"144":1,"145":1,"146":1,"147":1,"149":1,"150":1,"151":1,"152":1,"153":1,"154":1,"155":1,"156":1,"157":1,"158":1,"159":1,"160":1,"161":1,"162":1,"163":1,"164":1,"165":1,"166":1,"167":1,"168":1,"169":1,"170":1,"171":1,"172":1,"173":1,"175":1,"176":1,"177":1,"178":1,"179":1,"180":1,"181":1,"182":1,"183":1,"184":1,"185":1,"186":1,"187":1,"188":1,"189":1,"190":1,"191":1,"192":1,"193":1,"194":1,"196":1,"197":1,"198":1,"199":1,"200":1,"201":1,"202":1,"203":1,"204":1,"205":1,"206":1,"207":1,"208":1,"209":1,"210":1,"211":1,"212":1,"213":1,"214":1,"215":1,"217":1,"218":1,"219":1,"220":1,"221":1,"225":1,"226":1,"227":1,"228":1,"229":1,"230":1,"231":1,"232":1,"233":1,"234":1,"235":1,"236":1,"237":1,"238":1,"239":1,"241":1,"242":1,"243":1,"244":1,"245":1,"246":1,"247":1,"248":1,"249":1,"250":1,"251":1,"252":1,"254":1,"255":1,"256":1,"257":1,"258":1,"259":1,"260":1,"261":1,"262":1,"263":1,"264":1,"266":1,"267":1,"268":1,"269":1,"270":1,"271":1,"272":1,"273":1,"274":1,"275":1,"276":1,"277":1,"281":1,"282":1,"283":1,"284":1,"285":1,"287":1,"288":1,"289":1,"290":1,"291":1,"293":1,"294":1,"295":1,"296":1,"297":1,"298":1,"299":1,"300":1,"301":1,"302":1,"305":1,"306":1,"307":1,"308":1,"309":1,"310":1,"311":1,"312":1,"313":1,"316":1,"317":1,"318":1,"319":1,"320":1,"321":1,"324":1,"325":1,"327":1,"328":258,"329":258,"330":258,"331":258,"332":258,"335":1,"336":2,"337":2,"340":1,"341":302,"342":302,"352":1,"353":10114,"354":10114,"355":10114,"356":192,"357":192,"364":1,"365":300,"366":300,"367":300,"368":300,"369":300},"branchMap":{"0":{"type":"branch","line":328,"loc":{"start":{"line":328,"column":34},"end":{"line":333,"column":1}},"locations":[{"start":{"line":328,"column":34},"end":{"line":333,"column":1}}]},"1":{"type":"branch","line":330,"loc":{"start":{"line":330,"column":47},"end":{"line":330,"column":55}},"locations":[{"start":{"line":330,"column":47},"end":{"line":330,"column":55}}]},"2":{"type":"branch","line":27,"loc":{"start":{"line":27,"column":0},"end":{"line":29,"column":1}},"locations":[{"start":{"line":27,"column":0},"end":{"line":29,"column":1}}]},"3":{"type":"branch","line":318,"loc":{"start":{"line":318,"column":23},"end":{"line":318,"column":49}},"locations":[{"start":{"line":318,"column":23},"end":{"line":318,"column":49}}]},"4":{"type":"branch","line":319,"loc":{"start":{"line":319,"column":23},"end":{"line":319,"column":47}},"locations":[{"start":{"line":319,"column":23},"end":{"line":319,"column":47}}]},"5":{"type":"branch","line":320,"loc":{"start":{"line":320,"column":23},"end":{"line":320,"column":47}},"locations":[{"start":{"line":320,"column":23},"end":{"line":320,"column":47}}]},"6":{"type":"branch","line":321,"loc":{"start":{"line":321,"column":23},"end":{"line":321,"column":52}},"locations":[{"start":{"line":321,"column":23},"end":{"line":321,"column":52}}]},"7":{"type":"branch","line":336,"loc":{"start":{"line":336,"column":7},"end":{"line":338,"column":1}},"locations":[{"start":{"line":336,"column":7},"end":{"line":338,"column":1}}]},"8":{"type":"branch","line":341,"loc":{"start":{"line":341,"column":7},"end":{"line":343,"column":1}},"locations":[{"start":{"line":341,"column":7},"end":{"line":343,"column":1}}]},"9":{"type":"branch","line":342,"loc":{"start":{"line":342,"column":36},"end":{"line":342,"column":44}},"locations":[{"start":{"line":342,"column":36},"end":{"line":342,"column":44}}]},"10":{"type":"branch","line":353,"loc":{"start":{"line":353,"column":7},"end":{"line":358,"column":1}},"locations":[{"start":{"line":353,"column":7},"end":{"line":358,"column":1}}]},"11":{"type":"branch","line":354,"loc":{"start":{"line":354,"column":23},"end":{"line":354,"column":39}},"locations":[{"start":{"line":354,"column":23},"end":{"line":354,"column":39}}]},"12":{"type":"branch","line":354,"loc":{"start":{"line":354,"column":30},"end":{"line":355,"column":30}},"locations":[{"start":{"line":354,"column":30},"end":{"line":355,"column":30}}]},"13":{"type":"branch","line":355,"loc":{"start":{"line":355,"column":23},"end":{"line":355,"column":37}},"locations":[{"start":{"line":355,"column":23},"end":{"line":355,"column":37}}]},"14":{"type":"branch","line":355,"loc":{"start":{"line":355,"column":30},"end":{"line":356,"column":30}},"locations":[{"start":{"line":355,"column":30},"end":{"line":356,"column":30}}]},"15":{"type":"branch","line":356,"loc":{"start":{"line":356,"column":23},"end":{"line":356,"column":37}},"locations":[{"start":{"line":356,"column":23},"end":{"line":356,"column":37}}]},"16":{"type":"branch","line":356,"loc":{"start":{"line":356,"column":30},"end":{"line":358,"column":1}},"locations":[{"start":{"line":356,"column":30},"end":{"line":358,"column":1}}]},"17":{"type":"branch","line":365,"loc":{"start":{"line":365,"column":7},"end":{"line":370,"column":1}},"locations":[{"start":{"line":365,"column":7},"end":{"line":370,"column":1}}]},"18":{"type":"branch","line":367,"loc":{"start":{"line":367,"column":25},"end":{"line":367,"column":42}},"locations":[{"start":{"line":367,"column":25},"end":{"line":367,"column":42}}]}},"b":{"0":[258],"1":[4],"2":[258],"3":[258],"4":[258],"5":[258],"6":[258],"7":[2],"8":[302],"9":[0],"10":[10114],"11":[7044],"12":[3070],"13":[2062],"14":[1008],"15":[816],"16":[192],"17":[300],"18":[0]},"fnMap":{"0":{"name":"c","decl":{"start":{"line":27,"column":0},"end":{"line":29,"column":1}},"loc":{"start":{"line":27,"column":0},"end":{"line":29,"column":1}},"line":27},"1":{"name":"getAxolotlCardById","decl":{"start":{"line":336,"column":7},"end":{"line":338,"column":1}},"loc":{"start":{"line":336,"column":7},"end":{"line":338,"column":1}},"line":336},"2":{"name":"getAxolotlCardsByRarity","decl":{"start":{"line":341,"column":7},"end":{"line":343,"column":1}},"loc":{"start":{"line":341,"column":7},"end":{"line":343,"column":1}},"line":341},"3":{"name":"determineRarity","decl":{"start":{"line":353,"column":7},"end":{"line":358,"column":1}},"loc":{"start":{"line":353,"column":7},"end":{"line":358,"column":1}},"line":353},"4":{"name":"selectCardFromPool","decl":{"start":{"line":365,"column":7},"end":{"line":370,"column":1}},"loc":{"start":{"line":365,"column":7},"end":{"line":370,"column":1}},"line":365}},"f":{"0":258,"1":2,"2":302,"3":10114,"4":300}}
,"/Users/zac/aztec-triple-triad-ui/repo/packages/game-logic/src/cards.ts": {"path":"/Users/zac/aztec-triple-triad-ui/repo/packages/game-logic/src/cards.ts","all":false,"statementMap":{"7":{"start":{"line":8,"column":0},"end":{"line":8,"column":38}},"9":{"start":{"line":10,"column":0},"end":{"line":10,"column":80}},"10":{"start":{"line":11,"column":0},"end":{"line":11,"column":77}},"11":{"start":{"line":12,"column":0},"end":{"line":12,"column":79}},"12":{"start":{"line":13,"column":0},"end":{"line":13,"column":76}},"13":{"start":{"line":14,"column":0},"end":{"line":14,"column":78}},"14":{"start":{"line":15,"column":0},"end":{"line":15,"column":78}},"15":{"start":{"line":16,"column":0},"end":{"line":16,"column":80}},"16":{"start":{"line":17,"column":0},"end":{"line":17,"column":76}},"17":{"start":{"line":18,"column":0},"end":{"line":18,"column":76}},"18":{"start":{"line":19,"column":0},"end":{"line":19,"column":79}},"21":{"start":{"line":22,"column":0},"end":{"line":22,"column":80}},"22":{"start":{"line":23,"column":0},"end":{"line":23,"column":76}},"23":{"start":{"line":24,"column":0},"end":{"line":24,"column":76}},"24":{"start":{"line":25,"column":0},"end":{"line":25,"column":80}},"25":{"start":{"line":26,"column":0},"end":{"line":26,"column":81}},"26":{"start":{"line":27,"column":0},"end":{"line":27,"column":78}},"27":{"start":{"line":28,"column":0},"end":{"line":28,"column":80}},"28":{"start":{"line":29,"column":0},"end":{"line":29,"column":81}},"29":{"start":{"line":30,"column":0},"end":{"line":30,"column":80}},"30":{"start":{"line":31,"column":0},"end":{"line":31,"column":82}},"33":{"start":{"line":34,"column":0},"end":{"line":34,"column":77}},"34":{"start":{"line":35,"column":0},"end":{"line":35,"column":79}},"35":{"start":{"line":36,"column":0},"end":{"line":36,"column":77}},"36":{"start":{"line":37,"column":0},"end":{"line":37,"column":81}},"37":{"start":{"line":38,"column":0},"end":{"line":38,"column":79}},"38":{"start":{"line":39,"column":0},"end":{"line":39,"column":75}},"39":{"start":{"line":40,"column":0},"end":{"line":40,"column":77}},"40":{"start":{"line":41,"column":0},"end":{"line":41,"column":82}},"41":{"start":{"line":42,"column":0},"end":{"line":42,"column":80}},"42":{"start":{"line":43,"column":0},"end":{"line":43,"column":81}},"45":{"start":{"line":46,"column":0},"end":{"line":46,"column":79}},"46":{"start":{"line":47,"column":0},"end":{"line":47,"column":81}},"47":{"start":{"line":48,"column":0},"end":{"line":48,"column":79}},"48":{"start":{"line":49,"column":0},"end":{"line":49,"column":79}},"49":{"start":{"line":50,"column":0},"end":{"line":50,"column":80}},"50":{"start":{"line":51,"column":0},"end":{"line":51,"column":79}},"51":{"start":{"line":52,"column":0},"end":{"line":52,"column":78}},"52":{"start":{"line":53,"column":0},"end":{"line":53,"column":78}},"53":{"start":{"line":54,"column":0},"end":{"line":54,"column":84}},"54":{"start":{"line":55,"column":0},"end":{"line":55,"column":78}},"57":{"start":{"line":58,"column":0},"end":{"line":58,"column":79}},"58":{"start":{"line":59,"column":0},"end":{"line":59,"column":84}},"59":{"start":{"line":60,"column":0},"end":{"line":60,"column":79}},"60":{"start":{"line":61,"column":0},"end":{"line":61,"column":83}},"61":{"start":{"line":62,"column":0},"end":{"line":62,"column":79}},"62":{"start":{"line":63,"column":0},"end":{"line":63,"column":79}},"63":{"start":{"line":64,"column":0},"end":{"line":64,"column":80}},"64":{"start":{"line":65,"column":0},"end":{"line":65,"column":79}},"65":{"start":{"line":66,"column":0},"end":{"line":66,"column":77}},"66":{"start":{"line":67,"column":0},"end":{"line":67,"column":77}},"67":{"start":{"line":68,"column":0},"end":{"line":68,"column":2}},"73":{"start":{"line":74,"column":0},"end":{"line":74,"column":93}},"74":{"start":{"line":75,"column":0},"end":{"line":75,"column":55}},"75":{"start":{"line":76,"column":0},"end":{"line":76,"column":1}},"80":{"start":{"line":81,"column":0},"end":{"line":81,"column":107}},"81":{"start":{"line":82,"column":0},"end":{"line":82,"column":10}},"82":{"start":{"line":83,"column":0},"end":{"line":83,"column":22}},"83":{"start":{"line":84,"column":0},"end":{"line":84,"column":31}},"84":{"start":{"line":85,"column":0},"end":{"line":85,"column":32}},"85":{"start":{"line":86,"column":0},"end":{"line":86,"column":31}},"86":{"start":{"line":87,"column":0},"end":{"line":87,"column":4}},"87":{"start":{"line":88,"column":0},"end":{"line":88,"column":1}},"94":{"start":{"line":95,"column":0},"end":{"line":95,"column":55}},"95":{"start":{"line":96,"column":0},"end":{"line":96,"column":30}},"96":{"start":{"line":97,"column":0},"end":{"line":97,"column":37}},"97":{"start":{"line":98,"column":0},"end":{"line":98,"column":52}},"99":{"start":{"line":100,"column":0},"end":{"line":100,"column":110}},"100":{"start":{"line":101,"column":0},"end":{"line":101,"column":32}},"101":{"start":{"line":102,"column":0},"end":{"line":102,"column":93}},"102":{"start":{"line":103,"column":0},"end":{"line":103,"column":7}},"103":{"start":{"line":104,"column":0},"end":{"line":104,"column":5}},"105":{"start":{"line":106,"column":0},"end":{"line":106,"column":55}},"106":{"start":{"line":107,"column":0},"end":{"line":107,"column":41}},"107":{"start":{"line":108,"column":0},"end":{"line":108,"column":115}},"108":{"start":{"line":109,"column":0},"end":{"line":109,"column":79}},"109":{"start":{"line":110,"column":0},"end":{"line":110,"column":5}},"110":{"start":{"line":111,"column":0},"end":{"line":111,"column":3}},"111":{"start":{"line":112,"column":0},"end":{"line":112,"column":16}},"112":{"start":{"line":113,"column":0},"end":{"line":113,"column":1}},"114":{"start":{"line":115,"column":0},"end":{"line":115,"column":59}},"115":{"start":{"line":116,"column":0},"end":{"line":116,"column":48}},"116":{"start":{"line":117,"column":0},"end":{"line":117,"column":1}},"118":{"start":{"line":119,"column":0},"end":{"line":119,"column":54}},"119":{"start":{"line":120,"column":0},"end":{"line":120,"column":26}},"120":{"start":{"line":121,"column":0},"end":{"line":121,"column":33}},"121":{"start":{"line":122,"column":0},"end":{"line":122,"column":63}},"122":{"start":{"line":123,"column":0},"end":{"line":123,"column":23}},"123":{"start":{"line":124,"column":0},"end":{"line":124,"column":5}},"124":{"start":{"line":125,"column":0},"end":{"line":125,"column":1}}},"s":{"7":1,"9":1,"10":1,"11":1,"12":1,"13":1,"14":1,"15":1,"16":1,"17":1,"18":1,"21":1,"22":1,"23":1,"24":1,"25":1,"26":1,"27":1,"28":1,"29":1,"30":1,"33":1,"34":1,"35":1,"36":1,"37":1,"38":1,"39":1,"40":1,"41":1,"42":1,"45":1,"46":1,"47":1,"48":1,"49":1,"50":1,"51":1,"52":1,"53":1,"54":1,"57":1,"58":1,"59":1,"60":1,"61":1,"62":1,"63":1,"64":1,"65":1,"66":1,"67":1,"73":1,"74":104,"75":104,"80":1,"81":103,"82":103,"83":103,"84":103,"85":103,"86":103,"87":103,"94":1,"95":1,"96":1,"97":50,"99":50,"100":200,"101":0,"102":0,"103":200,"105":50,"106":50,"107":50,"108":0,"109":0,"110":50,"111":1,"112":1,"114":1,"115":211,"116":211,"118":1,"119":43,"120":204,"121":204,"122":203,"123":43,"124":43},"branchMap":{"0":{"type":"branch","line":74,"loc":{"start":{"line":74,"column":7},"end":{"line":76,"column":1}},"locations":[{"start":{"line":74,"column":7},"end":{"line":76,"column":1}}]},"1":{"type":"branch","line":81,"loc":{"start":{"line":81,"column":7},"end":{"line":88,"column":1}},"locations":[{"start":{"line":81,"column":7},"end":{"line":88,"column":1}}]},"2":{"type":"branch","line":95,"loc":{"start":{"line":95,"column":7},"end":{"line":113,"column":1}},"locations":[{"start":{"line":95,"column":7},"end":{"line":113,"column":1}}]},"3":{"type":"branch","line":97,"loc":{"start":{"line":97,"column":36},"end":{"line":111,"column":3}},"locations":[{"start":{"line":97,"column":36},"end":{"line":111,"column":3}}]},"4":{"type":"branch","line":100,"loc":{"start":{"line":100,"column":109},"end":{"line":104,"column":5}},"locations":[{"start":{"line":100,"column":109},"end":{"line":104,"column":5}}]},"5":{"type":"branch","line":101,"loc":{"start":{"line":101,"column":31},"end":{"line":103,"column":7}},"locations":[{"start":{"line":101,"column":31},"end":{"line":103,"column":7}}]},"6":{"type":"branch","line":108,"loc":{"start":{"line":108,"column":114},"end":{"line":110,"column":5}},"locations":[{"start":{"line":108,"column":114},"end":{"line":110,"column":5}}]},"7":{"type":"branch","line":115,"loc":{"start":{"line":115,"column":7},"end":{"line":117,"column":1}},"locations":[{"start":{"line":115,"column":7},"end":{"line":117,"column":1}}]},"8":{"type":"branch","line":116,"loc":{"start":{"line":116,"column":28},"end":{"line":116,"column":46}},"locations":[{"start":{"line":116,"column":28},"end":{"line":116,"column":46}}]},"9":{"type":"branch","line":119,"loc":{"start":{"line":119,"column":7},"end":{"line":125,"column":1}},"locations":[{"start":{"line":119,"column":7},"end":{"line":125,"column":1}}]},"10":{"type":"branch","line":120,"loc":{"start":{"line":120,"column":17},"end":{"line":124,"column":3}},"locations":[{"start":{"line":120,"column":17},"end":{"line":124,"column":3}}]},"11":{"type":"branch","line":122,"loc":{"start":{"line":122,"column":15},"end":{"line":122,"column":63}},"locations":[{"start":{"line":122,"column":15},"end":{"line":122,"column":63}}]},"12":{"type":"branch","line":122,"loc":{"start":{"line":122,"column":61},"end":{"line":123,"column":23}},"locations":[{"start":{"line":122,"column":61},"end":{"line":123,"column":23}}]}},"b":{"0":[104],"1":[103],"2":[1],"3":[50],"4":[200],"5":[0],"6":[0],"7":[211],"8":[1311],"9":[43],"10":[204],"11":[1],"12":[203]},"fnMap":{"0":{"name":"packRanks","decl":{"start":{"line":74,"column":7},"end":{"line":76,"column":1}},"loc":{"start":{"line":74,"column":7},"end":{"line":76,"column":1}},"line":74},"1":{"name":"unpackRanks","decl":{"start":{"line":81,"column":7},"end":{"line":88,"column":1}},"loc":{"start":{"line":81,"column":7},"end":{"line":88,"column":1}},"line":81},"2":{"name":"verifyCardRankConsistency","decl":{"start":{"line":95,"column":7},"end":{"line":113,"column":1}},"loc":{"start":{"line":95,"column":7},"end":{"line":113,"column":1}},"line":95},"3":{"name":"getCardById","decl":{"start":{"line":115,"column":7},"end":{"line":117,"column":1}},"loc":{"start":{"line":115,"column":7},"end":{"line":117,"column":1}},"line":115},"4":{"name":"getCardsByIds","decl":{"start":{"line":119,"column":7},"end":{"line":125,"column":1}},"loc":{"start":{"line":119,"column":7},"end":{"line":125,"column":1}},"line":119}},"f":{"0":104,"1":103,"2":1,"3":211,"4":43}}
,"/Users/zac/aztec-triple-triad-ui/repo/packages/game-logic/src/game.ts": {"path":"/Users/zac/aztec-triple-triad-ui/repo/packages/game-logic/src/game.ts","all":false,"statementMap":{"2":{"start":{"line":3,"column":0},"end":{"line":3,"column":36}},"3":{"start":{"line":4,"column":0},"end":{"line":4,"column":40}},"4":{"start":{"line":5,"column":0},"end":{"line":5,"column":98}},"5":{"start":{"line":6,"column":0},"end":{"line":6,"column":4}},"6":{"start":{"line":7,"column":0},"end":{"line":7,"column":1}},"8":{"start":{"line":9,"column":0},"end":{"line":9,"column":42}},"9":{"start":{"line":10,"column":0},"end":{"line":10,"column":25}},"10":{"start":{"line":11,"column":0},"end":{"line":11,"column":22}},"11":{"start":{"line":12,"column":0},"end":{"line":12,"column":79}},"12":{"start":{"line":13,"column":0},"end":{"line":13,"column":24}},"13":{"start":{"line":14,"column":0},"end":{"line":14,"column":40}},"14":{"start":{"line":15,"column":0},"end":{"line":15,"column":7}},"15":{"start":{"line":16,"column":0},"end":{"line":16,"column":4}},"16":{"start":{"line":17,"column":0},"end":{"line":17,"column":1}},"18":{"start":{"line":19,"column":0},"end":{"line":19,"column":81}},"19":{"start":{"line":20,"column":0},"end":{"line":20,"column":61}},"20":{"start":{"line":21,"column":0},"end":{"line":21,"column":61}},"21":{"start":{"line":22,"column":0},"end":{"line":22,"column":3}},"23":{"start":{"line":24,"column":0},"end":{"line":24,"column":10}},"24":{"start":{"line":25,"column":0},"end":{"line":25,"column":30}},"25":{"start":{"line":26,"column":0},"end":{"line":26,"column":73}},"26":{"start":{"line":27,"column":0},"end":{"line":27,"column":73}},"27":{"start":{"line":28,"column":0},"end":{"line":28,"column":27}},"28":{"start":{"line":29,"column":0},"end":{"line":29,"column":20}},"29":{"start":{"line":30,"column":0},"end":{"line":30,"column":20}},"30":{"start":{"line":31,"column":0},"end":{"line":31,"column":22}},"31":{"start":{"line":32,"column":0},"end":{"line":32,"column":17}},"32":{"start":{"line":33,"column":0},"end":{"line":33,"column":4}},"33":{"start":{"line":34,"column":0},"end":{"line":34,"column":1}},"35":{"start":{"line":36,"column":0},"end":{"line":36,"column":120}},"36":{"start":{"line":37,"column":0},"end":{"line":37,"column":65}},"37":{"start":{"line":38,"column":0},"end":{"line":38,"column":64}},"38":{"start":{"line":39,"column":0},"end":{"line":39,"column":65}},"39":{"start":{"line":40,"column":0},"end":{"line":40,"column":64}},"40":{"start":{"line":41,"column":0},"end":{"line":41,"column":2}},"42":{"start":{"line":43,"column":0},"end":{"line":43,"column":114}},"43":{"start":{"line":44,"column":0},"end":{"line":44,"column":57}},"44":{"start":{"line":45,"column":0},"end":{"line":45,"column":37}},"47":{"start":{"line":48,"column":0},"end":{"line":48,"column":63}},"49":{"start":{"line":50,"column":0},"end":{"line":50,"column":28}},"50":{"start":{"line":51,"column":0},"end":{"line":51,"column":46}},"51":{"start":{"line":52,"column":0},"end":{"line":52,"column":44}},"53":{"start":{"line":54,"column":0},"end":{"line":54,"column":35}},"54":{"start":{"line":55,"column":0},"end":{"line":55,"column":28}},"55":{"start":{"line":56,"column":0},"end":{"line":56,"column":28}},"57":{"start":{"line":58,"column":0},"end":{"line":58,"column":57}},"59":{"start":{"line":60,"column":0},"end":{"line":60,"column":32}},"60":{"start":{"line":61,"column":0},"end":{"line":61,"column":38}},"62":{"start":{"line":63,"column":0},"end":{"line":63,"column":37}},"63":{"start":{"line":64,"column":0},"end":{"line":64,"column":64}},"65":{"start":{"line":66,"column":0},"end":{"line":66,"column":64}},"66":{"start":{"line":67,"column":0},"end":{"line":67,"column":64}},"68":{"start":{"line":69,"column":0},"end":{"line":69,"column":38}},"69":{"start":{"line":70,"column":0},"end":{"line":70,"column":26}},"70":{"start":{"line":71,"column":0},"end":{"line":71,"column":37}},"71":{"start":{"line":72,"column":0},"end":{"line":72,"column":47}},"72":{"start":{"line":73,"column":0},"end":{"line":73,"column":41}},"73":{"start":{"line":74,"column":0},"end":{"line":74,"column":7}},"74":{"start":{"line":75,"column":0},"end":{"line":75,"column":5}},"75":{"start":{"line":76,"column":0},"end":{"line":76,"column":3}},"77":{"start":{"line":78,"column":0},"end":{"line":78,"column":21}},"78":{"start":{"line":79,"column":0},"end":{"line":79,"column":1}},"80":{"start":{"line":81,"column":0},"end":{"line":81,"column":89}},"81":{"start":{"line":82,"column":0},"end":{"line":82,"column":36}},"82":{"start":{"line":83,"column":0},"end":{"line":83,"column":36}},"84":{"start":{"line":85,"column":0},"end":{"line":85,"column":34}},"85":{"start":{"line":86,"column":0},"end":{"line":86,"column":29}},"86":{"start":{"line":87,"column":0},"end":{"line":87,"column":41}},"87":{"start":{"line":88,"column":0},"end":{"line":88,"column":46}},"88":{"start":{"line":89,"column":0},"end":{"line":89,"column":5}},"89":{"start":{"line":90,"column":0},"end":{"line":90,"column":3}},"91":{"start":{"line":92,"column":0},"end":{"line":92,"column":38}},"92":{"start":{"line":93,"column":0},"end":{"line":93,"column":1}},"94":{"start":{"line":95,"column":0},"end":{"line":95,"column":55}},"95":{"start":{"line":96,"column":0},"end":{"line":96,"column":34}},"96":{"start":{"line":97,"column":0},"end":{"line":97,"column":29}},"97":{"start":{"line":98,"column":0},"end":{"line":98,"column":43}},"98":{"start":{"line":99,"column":0},"end":{"line":99,"column":5}},"99":{"start":{"line":100,"column":0},"end":{"line":100,"column":3}},"100":{"start":{"line":101,"column":0},"end":{"line":101,"column":14}},"101":{"start":{"line":102,"column":0},"end":{"line":102,"column":1}},"103":{"start":{"line":104,"column":0},"end":{"line":104,"column":86}},"104":{"start":{"line":105,"column":0},"end":{"line":105,"column":56}},"105":{"start":{"line":106,"column":0},"end":{"line":106,"column":31}},"106":{"start":{"line":107,"column":0},"end":{"line":107,"column":33}},"107":{"start":{"line":108,"column":0},"end":{"line":108,"column":44}},"108":{"start":{"line":109,"column":0},"end":{"line":109,"column":44}},"109":{"start":{"line":110,"column":0},"end":{"line":110,"column":7}},"110":{"start":{"line":111,"column":0},"end":{"line":111,"column":5}},"111":{"start":{"line":112,"column":0},"end":{"line":112,"column":3}},"112":{"start":{"line":113,"column":0},"end":{"line":113,"column":20}},"113":{"start":{"line":114,"column":0},"end":{"line":114,"column":1}},"115":{"start":{"line":116,"column":0},"end":{"line":116,"column":26}},"116":{"start":{"line":117,"column":0},"end":{"line":117,"column":19}},"117":{"start":{"line":118,"column":0},"end":{"line":118,"column":17}},"118":{"start":{"line":119,"column":0},"end":{"line":119,"column":20}},"119":{"start":{"line":120,"column":0},"end":{"line":120,"column":14}},"120":{"start":{"line":121,"column":0},"end":{"line":121,"column":14}},"121":{"start":{"line":122,"column":0},"end":{"line":122,"column":20}},"122":{"start":{"line":123,"column":0},"end":{"line":123,"column":36}},"123":{"start":{"line":124,"column":0},"end":{"line":124,"column":48}},"124":{"start":{"line":125,"column":0},"end":{"line":125,"column":3}},"126":{"start":{"line":127,"column":0},"end":{"line":127,"column":37}},"127":{"start":{"line":128,"column":0},"end":{"line":128,"column":50}},"128":{"start":{"line":129,"column":0},"end":{"line":129,"column":3}},"130":{"start":{"line":131,"column":0},"end":{"line":131,"column":49}},"131":{"start":{"line":132,"column":0},"end":{"line":132,"column":58}},"132":{"start":{"line":133,"column":0},"end":{"line":133,"column":3}},"134":{"start":{"line":135,"column":0},"end":{"line":135,"column":76}},"136":{"start":{"line":137,"column":0},"end":{"line":137,"column":50}},"137":{"start":{"line":138,"column":0},"end":{"line":138,"column":56}},"138":{"start":{"line":139,"column":0},"end":{"line":139,"column":3}},"140":{"start":{"line":141,"column":0},"end":{"line":141,"column":44}},"141":{"start":{"line":142,"column":0},"end":{"line":142,"column":65}},"142":{"start":{"line":143,"column":0},"end":{"line":143,"column":3}},"145":{"start":{"line":146,"column":0},"end":{"line":146,"column":43}},"146":{"start":{"line":147,"column":0},"end":{"line":147,"column":82}},"147":{"start":{"line":148,"column":0},"end":{"line":148,"column":82}},"149":{"start":{"line":150,"column":0},"end":{"line":150,"column":63}},"150":{"start":{"line":151,"column":0},"end":{"line":151,"column":47}},"153":{"start":{"line":154,"column":0},"end":{"line":154,"column":70}},"156":{"start":{"line":157,"column":0},"end":{"line":157,"column":63}},"159":{"start":{"line":160,"column":0},"end":{"line":160,"column":72}},"161":{"start":{"line":162,"column":0},"end":{"line":162,"column":29}},"162":{"start":{"line":163,"column":0},"end":{"line":163,"column":20}},"163":{"start":{"line":164,"column":0},"end":{"line":164,"column":27}},"164":{"start":{"line":165,"column":0},"end":{"line":165,"column":27}},"165":{"start":{"line":166,"column":0},"end":{"line":166,"column":26}},"166":{"start":{"line":167,"column":0},"end":{"line":167,"column":20}},"167":{"start":{"line":168,"column":0},"end":{"line":168,"column":20}},"168":{"start":{"line":169,"column":0},"end":{"line":169,"column":22}},"169":{"start":{"line":170,"column":0},"end":{"line":170,"column":17}},"170":{"start":{"line":171,"column":0},"end":{"line":171,"column":4}},"173":{"start":{"line":174,"column":0},"end":{"line":174,"column":43}},"174":{"start":{"line":175,"column":0},"end":{"line":175,"column":41}},"175":{"start":{"line":176,"column":0},"end":{"line":176,"column":41}},"178":{"start":{"line":179,"column":0},"end":{"line":179,"column":29}},"179":{"start":{"line":180,"column":0},"end":{"line":180,"column":33}},"180":{"start":{"line":181,"column":0},"end":{"line":181,"column":42}},"181":{"start":{"line":182,"column":0},"end":{"line":182,"column":34}},"182":{"start":{"line":183,"column":0},"end":{"line":183,"column":49}},"183":{"start":{"line":184,"column":0},"end":{"line":184,"column":34}},"184":{"start":{"line":185,"column":0},"end":{"line":185,"column":12}},"185":{"start":{"line":186,"column":0},"end":{"line":186,"column":31}},"186":{"start":{"line":187,"column":0},"end":{"line":187,"column":5}},"187":{"start":{"line":188,"column":0},"end":{"line":188,"column":3}},"189":{"start":{"line":190,"column":0},"end":{"line":190,"column":32}},"190":{"start":{"line":191,"column":0},"end":{"line":191,"column":1}}},"s":{"2":33,"3":33,"4":99,"5":33,"6":33,"8":80,"9":80,"10":240,"11":720,"12":720,"13":720,"14":240,"15":80,"16":80,"18":1,"19":34,"20":1,"21":1,"23":33,"24":33,"25":33,"26":33,"27":33,"28":33,"29":33,"30":33,"31":33,"32":33,"33":33,"35":1,"36":1,"37":1,"38":1,"39":1,"40":1,"42":80,"43":80,"44":80,"47":80,"49":80,"50":92,"51":92,"53":92,"54":368,"55":368,"57":368,"59":245,"60":245,"62":245,"63":368,"65":79,"66":79,"68":368,"69":12,"70":12,"71":12,"72":12,"73":12,"74":368,"75":92,"77":80,"78":80,"80":1,"81":81,"82":81,"84":81,"85":243,"86":729,"87":527,"88":729,"89":243,"91":81,"92":81,"94":1,"95":82,"96":145,"97":365,"98":365,"99":70,"100":7,"101":7,"103":1,"104":3,"105":3,"106":9,"107":27,"108":17,"109":17,"110":27,"111":9,"112":3,"113":3,"115":1,"116":88,"117":88,"118":88,"119":88,"120":88,"121":88,"122":88,"123":1,"124":1,"126":88,"127":1,"128":1,"130":88,"131":3,"132":3,"134":88,"136":88,"137":2,"138":2,"140":88,"141":1,"142":1,"145":80,"146":80,"147":80,"149":88,"150":88,"153":88,"156":88,"159":88,"161":88,"162":88,"163":88,"164":88,"165":88,"166":88,"167":88,"168":88,"169":88,"170":88,"173":88,"174":88,"175":88,"178":88,"179":6,"180":6,"181":2,"182":6,"183":0,"184":4,"185":4,"186":4,"187":6,"189":80,"190":80},"branchMap":{"0":{"type":"branch","line":3,"loc":{"start":{"line":3,"column":0},"end":{"line":7,"column":1}},"locations":[{"start":{"line":3,"column":0},"end":{"line":7,"column":1}}]},"1":{"type":"branch","line":4,"loc":{"start":{"line":4,"column":35},"end":{"line":5,"column":98}},"locations":[{"start":{"line":4,"column":35},"end":{"line":5,"column":98}}]},"2":{"type":"branch","line":5,"loc":{"start":{"line":5,"column":30},"end":{"line":5,"column":97}},"locations":[{"start":{"line":5,"column":30},"end":{"line":5,"column":97}}]},"3":{"type":"branch","line":9,"loc":{"start":{"line":9,"column":0},"end":{"line":17,"column":1}},"locations":[{"start":{"line":9,"column":0},"end":{"line":17,"column":1}}]},"4":{"type":"branch","line":10,"loc":{"start":{"line":10,"column":19},"end":{"line":15,"column":7}},"locations":[{"start":{"line":10,"column":19},"end":{"line":15,"column":7}}]},"5":{"type":"branch","line":11,"loc":{"start":{"line":11,"column":12},"end":{"line":15,"column":6}},"locations":[{"start":{"line":11,"column":12},"end":{"line":15,"column":6}}]},"6":{"type":"branch","line":12,"loc":{"start":{"line":12,"column":17},"end":{"line":12,"column":74}},"locations":[{"start":{"line":12,"column":17},"end":{"line":12,"column":74}}]},"7":{"type":"branch","line":12,"loc":{"start":{"line":12,"column":70},"end":{"line":12,"column":79}},"locations":[{"start":{"line":12,"column":70},"end":{"line":12,"column":79}}]},"8":{"type":"branch","line":19,"loc":{"start":{"line":19,"column":7},"end":{"line":34,"column":1}},"locations":[{"start":{"line":19,"column":7},"end":{"line":34,"column":1}}]},"9":{"type":"branch","line":20,"loc":{"start":{"line":20,"column":29},"end":{"line":20,"column":60}},"locations":[{"start":{"line":20,"column":29},"end":{"line":20,"column":60}}]},"10":{"type":"branch","line":20,"loc":{"start":{"line":20,"column":60},"end":{"line":22,"column":3}},"locations":[{"start":{"line":20,"column":60},"end":{"line":22,"column":3}}]},"11":{"type":"branch","line":22,"loc":{"start":{"line":22,"column":2},"end":{"line":34,"column":1}},"locations":[{"start":{"line":22,"column":2},"end":{"line":34,"column":1}}]},"12":{"type":"branch","line":26,"loc":{"start":{"line":26,"column":33},"end":{"line":26,"column":71}},"locations":[{"start":{"line":26,"column":33},"end":{"line":26,"column":71}}]},"13":{"type":"branch","line":27,"loc":{"start":{"line":27,"column":33},"end":{"line":27,"column":71}},"locations":[{"start":{"line":27,"column":33},"end":{"line":27,"column":71}}]},"14":{"type":"branch","line":43,"loc":{"start":{"line":43,"column":0},"end":{"line":79,"column":1}},"locations":[{"start":{"line":43,"column":0},"end":{"line":79,"column":1}}]},"15":{"type":"branch","line":50,"loc":{"start":{"line":50,"column":27},"end":{"line":76,"column":3}},"locations":[{"start":{"line":50,"column":27},"end":{"line":76,"column":3}}]},"16":{"type":"branch","line":54,"loc":{"start":{"line":54,"column":34},"end":{"line":75,"column":5}},"locations":[{"start":{"line":54,"column":34},"end":{"line":75,"column":5}}]},"17":{"type":"branch","line":58,"loc":{"start":{"line":58,"column":15},"end":{"line":58,"column":30}},"locations":[{"start":{"line":58,"column":15},"end":{"line":58,"column":30}}]},"18":{"type":"branch","line":58,"loc":{"start":{"line":58,"column":25},"end":{"line":58,"column":40}},"locations":[{"start":{"line":58,"column":25},"end":{"line":58,"column":40}}]},"19":{"type":"branch","line":58,"loc":{"start":{"line":58,"column":35},"end":{"line":58,"column":48}},"locations":[{"start":{"line":58,"column":35},"end":{"line":58,"column":48}}]},"20":{"type":"branch","line":58,"loc":{"start":{"line":58,"column":48},"end":{"line":58,"column":57}},"locations":[{"start":{"line":58,"column":48},"end":{"line":58,"column":57}}]},"21":{"type":"branch","line":58,"loc":{"start":{"line":58,"column":48},"end":{"line":61,"column":38}},"locations":[{"start":{"line":58,"column":48},"end":{"line":61,"column":38}}]},"22":{"type":"branch","line":61,"loc":{"start":{"line":61,"column":29},"end":{"line":61,"column":38}},"locations":[{"start":{"line":61,"column":29},"end":{"line":61,"column":38}}]},"23":{"type":"branch","line":61,"loc":{"start":{"line":61,"column":29},"end":{"line":64,"column":28}},"locations":[{"start":{"line":61,"column":29},"end":{"line":64,"column":28}}]},"24":{"type":"branch","line":64,"loc":{"start":{"line":64,"column":20},"end":{"line":64,"column":55}},"locations":[{"start":{"line":64,"column":20},"end":{"line":64,"column":55}}]},"25":{"type":"branch","line":64,"loc":{"start":{"line":64,"column":55},"end":{"line":64,"column":64}},"locations":[{"start":{"line":64,"column":55},"end":{"line":64,"column":64}}]},"26":{"type":"branch","line":64,"loc":{"start":{"line":64,"column":55},"end":{"line":69,"column":37}},"locations":[{"start":{"line":64,"column":55},"end":{"line":69,"column":37}}]},"27":{"type":"branch","line":69,"loc":{"start":{"line":69,"column":37},"end":{"line":74,"column":7}},"locations":[{"start":{"line":69,"column":37},"end":{"line":74,"column":7}}]},"28":{"type":"branch","line":81,"loc":{"start":{"line":81,"column":7},"end":{"line":93,"column":1}},"locations":[{"start":{"line":81,"column":7},"end":{"line":93,"column":1}}]},"29":{"type":"branch","line":85,"loc":{"start":{"line":85,"column":33},"end":{"line":90,"column":3}},"locations":[{"start":{"line":85,"column":33},"end":{"line":90,"column":3}}]},"30":{"type":"branch","line":86,"loc":{"start":{"line":86,"column":28},"end":{"line":89,"column":5}},"locations":[{"start":{"line":86,"column":28},"end":{"line":89,"column":5}}]},"31":{"type":"branch","line":87,"loc":{"start":{"line":87,"column":36},"end":{"line":87,"column":41}},"locations":[{"start":{"line":87,"column":36},"end":{"line":87,"column":41}}]},"32":{"type":"branch","line":87,"loc":{"start":{"line":87,"column":36},"end":{"line":88,"column":46}},"locations":[{"start":{"line":87,"column":36},"end":{"line":88,"column":46}}]},"33":{"type":"branch","line":88,"loc":{"start":{"line":88,"column":41},"end":{"line":88,"column":46}},"locations":[{"start":{"line":88,"column":41},"end":{"line":88,"column":46}}]},"34":{"type":"branch","line":95,"loc":{"start":{"line":95,"column":7},"end":{"line":102,"column":1}},"locations":[{"start":{"line":95,"column":7},"end":{"line":102,"column":1}}]},"35":{"type":"branch","line":96,"loc":{"start":{"line":96,"column":33},"end":{"line":100,"column":3}},"locations":[{"start":{"line":96,"column":33},"end":{"line":100,"column":3}}]},"36":{"type":"branch","line":97,"loc":{"start":{"line":97,"column":28},"end":{"line":99,"column":5}},"locations":[{"start":{"line":97,"column":28},"end":{"line":99,"column":5}}]},"37":{"type":"branch","line":98,"loc":{"start":{"line":98,"column":30},"end":{"line":98,"column":43}},"locations":[{"start":{"line":98,"column":30},"end":{"line":98,"column":43}}]},"38":{"type":"branch","line":99,"loc":{"start":{"line":99,"column":4},"end":{"line":100,"column":3}},"locations":[{"start":{"line":99,"column":4},"end":{"line":100,"column":3}}]},"39":{"type":"branch","line":100,"loc":{"start":{"line":100,"column":2},"end":{"line":102,"column":1}},"locations":[{"start":{"line":100,"column":2},"end":{"line":102,"column":1}}]},"40":{"type":"branch","line":104,"loc":{"start":{"line":104,"column":7},"end":{"line":114,"column":1}},"locations":[{"start":{"line":104,"column":7},"end":{"line":114,"column":1}}]},"41":{"type":"branch","line":106,"loc":{"start":{"line":106,"column":30},"end":{"line":112,"column":3}},"locations":[{"start":{"line":106,"column":30},"end":{"line":112,"column":3}}]},"42":{"type":"branch","line":107,"loc":{"start":{"line":107,"column":32},"end":{"line":111,"column":5}},"locations":[{"start":{"line":107,"column":32},"end":{"line":111,"column":5}}]},"43":{"type":"branch","line":108,"loc":{"start":{"line":108,"column":43},"end":{"line":110,"column":7}},"locations":[{"start":{"line":108,"column":43},"end":{"line":110,"column":7}}]},"44":{"type":"branch","line":116,"loc":{"start":{"line":116,"column":7},"end":{"line":191,"column":1}},"locations":[{"start":{"line":116,"column":7},"end":{"line":191,"column":1}}]},"45":{"type":"branch","line":123,"loc":{"start":{"line":123,"column":35},"end":{"line":125,"column":3}},"locations":[{"start":{"line":123,"column":35},"end":{"line":125,"column":3}}]},"46":{"type":"branch","line":125,"loc":{"start":{"line":125,"column":2},"end":{"line":127,"column":36}},"locations":[{"start":{"line":125,"column":2},"end":{"line":127,"column":36}}]},"47":{"type":"branch","line":127,"loc":{"start":{"line":127,"column":36},"end":{"line":129,"column":3}},"locations":[{"start":{"line":127,"column":36},"end":{"line":129,"column":3}}]},"48":{"type":"branch","line":129,"loc":{"start":{"line":129,"column":2},"end":{"line":131,"column":17}},"locations":[{"start":{"line":129,"column":2},"end":{"line":131,"column":17}}]},"49":{"type":"branch","line":131,"loc":{"start":{"line":131,"column":12},"end":{"line":131,"column":28}},"locations":[{"start":{"line":131,"column":12},"end":{"line":131,"column":28}}]},"50":{"type":"branch","line":131,"loc":{"start":{"line":131,"column":23},"end":{"line":131,"column":39}},"locations":[{"start":{"line":131,"column":23},"end":{"line":131,"column":39}}]},"51":{"type":"branch","line":131,"loc":{"start":{"line":131,"column":34},"end":{"line":131,"column":48}},"locations":[{"start":{"line":131,"column":34},"end":{"line":131,"column":48}}]},"52":{"type":"branch","line":131,"loc":{"start":{"line":131,"column":48},"end":{"line":133,"column":3}},"locations":[{"start":{"line":131,"column":48},"end":{"line":133,"column":3}}]},"53":{"type":"branch","line":133,"loc":{"start":{"line":133,"column":2},"end":{"line":135,"column":38}},"locations":[{"start":{"line":133,"column":2},"end":{"line":135,"column":38}}]},"54":{"type":"branch","line":135,"loc":{"start":{"line":135,"column":26},"end":{"line":135,"column":58}},"locations":[{"start":{"line":135,"column":26},"end":{"line":135,"column":58}}]},"55":{"type":"branch","line":135,"loc":{"start":{"line":135,"column":44},"end":{"line":135,"column":76}},"locations":[{"start":{"line":135,"column":44},"end":{"line":135,"column":76}}]},"56":{"type":"branch","line":137,"loc":{"start":{"line":137,"column":18},"end":{"line":137,"column":49}},"locations":[{"start":{"line":137,"column":18},"end":{"line":137,"column":49}}]},"57":{"type":"branch","line":137,"loc":{"start":{"line":137,"column":49},"end":{"line":139,"column":3}},"locations":[{"start":{"line":137,"column":49},"end":{"line":139,"column":3}}]},"58":{"type":"branch","line":139,"loc":{"start":{"line":139,"column":2},"end":{"line":141,"column":43}},"locations":[{"start":{"line":139,"column":2},"end":{"line":141,"column":43}}]},"59":{"type":"branch","line":141,"loc":{"start":{"line":141,"column":43},"end":{"line":143,"column":3}},"locations":[{"start":{"line":141,"column":43},"end":{"line":143,"column":3}}]},"60":{"type":"branch","line":143,"loc":{"start":{"line":143,"column":2},"end":{"line":150,"column":41}},"locations":[{"start":{"line":143,"column":2},"end":{"line":150,"column":41}}]},"61":{"type":"branch","line":150,"loc":{"start":{"line":150,"column":29},"end":{"line":150,"column":53}},"locations":[{"start":{"line":150,"column":29},"end":{"line":150,"column":53}}]},"62":{"type":"branch","line":150,"loc":{"start":{"line":150,"column":41},"end":{"line":150,"column":63}},"locations":[{"start":{"line":150,"column":41},"end":{"line":150,"column":63}}]},"63":{"type":"branch","line":160,"loc":{"start":{"line":160,"column":38},"end":{"line":160,"column":62}},"locations":[{"start":{"line":160,"column":38},"end":{"line":160,"column":62}}]},"64":{"type":"branch","line":160,"loc":{"start":{"line":160,"column":50},"end":{"line":160,"column":72}},"locations":[{"start":{"line":160,"column":50},"end":{"line":160,"column":72}}]},"65":{"type":"branch","line":179,"loc":{"start":{"line":179,"column":28},"end":{"line":188,"column":3}},"locations":[{"start":{"line":179,"column":28},"end":{"line":188,"column":3}}]},"66":{"type":"branch","line":181,"loc":{"start":{"line":181,"column":41},"end":{"line":183,"column":15}},"locations":[{"start":{"line":181,"column":41},"end":{"line":183,"column":15}}]},"67":{"type":"branch","line":183,"loc":{"start":{"line":183,"column":4},"end":{"line":187,"column":5}},"locations":[{"start":{"line":183,"column":4},"end":{"line":187,"column":5}}]},"68":{"type":"branch","line":183,"loc":{"start":{"line":183,"column":48},"end":{"line":185,"column":11}},"locations":[{"start":{"line":183,"column":48},"end":{"line":185,"column":11}}]},"69":{"type":"branch","line":188,"loc":{"start":{"line":188,"column":2},"end":{"line":191,"column":1}},"locations":[{"start":{"line":188,"column":2},"end":{"line":191,"column":1}}]},"70":{"type":"branch","line":147,"loc":{"start":{"line":147,"column":42},"end":{"line":147,"column":80}},"locations":[{"start":{"line":147,"column":42},"end":{"line":147,"column":80}}]},"71":{"type":"branch","line":148,"loc":{"start":{"line":148,"column":42},"end":{"line":148,"column":80}},"locations":[{"start":{"line":148,"column":42},"end":{"line":148,"column":80}}]}},"b":{"0":[33],"1":[99],"2":[297],"3":[80],"4":[240],"5":[720],"6":[236],"7":[484],"8":[34],"9":[33],"10":[1],"11":[33],"12":[165],"13":[165],"14":[80],"15":[92],"16":[368],"17":[326],"18":[303],"19":[267],"20":[123],"21":[245],"22":[0],"23":[245],"24":[110],"25":[166],"26":[79],"27":[12],"28":[81],"29":[243],"30":[729],"31":[202],"32":[527],"33":[114],"34":[82],"35":[145],"36":[365],"37":[75],"38":[70],"39":[7],"40":[3],"41":[9],"42":[27],"43":[17],"44":[88],"45":[1],"46":[87],"47":[1],"48":[86],"49":[85],"50":[84],"51":[84],"52":[3],"53":[83],"54":[50],"55":[33],"56":[82],"57":[2],"58":[81],"59":[1],"60":[80],"61":[48],"62":[32],"63":[48],"64":[32],"65":[6],"66":[2],"67":[4],"68":[0],"69":[80],"70":[266],"71":[298]},"fnMap":{"0":{"name":"createEmptyBoard","decl":{"start":{"line":3,"column":0},"end":{"line":7,"column":1}},"loc":{"start":{"line":3,"column":0},"end":{"line":7,"column":1}},"line":3},"1":{"name":"cloneBoard","decl":{"start":{"line":9,"column":0},"end":{"line":17,"column":1}},"loc":{"start":{"line":9,"column":0},"end":{"line":17,"column":1}},"line":9},"2":{"name":"createGame","decl":{"start":{"line":19,"column":7},"end":{"line":34,"column":1}},"loc":{"start":{"line":19,"column":7},"end":{"line":34,"column":1}},"line":19},"3":{"name":"resolveCaptures","decl":{"start":{"line":43,"column":0},"end":{"line":79,"column":1}},"loc":{"start":{"line":43,"column":0},"end":{"line":79,"column":1}},"line":43},"4":{"name":"calculateScores","decl":{"start":{"line":81,"column":7},"end":{"line":93,"column":1}},"loc":{"start":{"line":81,"column":7},"end":{"line":93,"column":1}},"line":81},"5":{"name":"isGameOver","decl":{"start":{"line":95,"column":7},"end":{"line":102,"column":1}},"loc":{"start":{"line":95,"column":7},"end":{"line":102,"column":1}},"line":95},"6":{"name":"getValidPlacements","decl":{"start":{"line":104,"column":7},"end":{"line":114,"column":1}},"loc":{"start":{"line":104,"column":7},"end":{"line":114,"column":1}},"line":104},"7":{"name":"placeCard","decl":{"start":{"line":116,"column":7},"end":{"line":191,"column":1}},"loc":{"start":{"line":116,"column":7},"end":{"line":191,"column":1}},"line":116}},"f":{"0":33,"1":80,"2":34,"3":80,"4":81,"5":82,"6":3,"7":88}}
,"/Users/zac/aztec-triple-triad-ui/repo/packages/game-logic/src/types.ts": {"path":"/Users/zac/aztec-triple-triad-ui/repo/packages/game-logic/src/types.ts","all":true,"statementMap":{},"s":{},"branchMap":{"0":{"type":"branch","line":1,"loc":{"start":{"line":1,"column":874},"end":{"line":42,"column":1}},"locations":[{"start":{"line":1,"column":874},"end":{"line":42,"column":1}}]}},"b":{"0":[1]},"fnMap":{"0":{"name":"(empty-report)","decl":{"start":{"line":1,"column":874},"end":{"line":42,"column":1}},"loc":{"start":{"line":1,"column":874},"end":{"line":42,"column":1}},"line":1}},"f":{"0":1}}
}
